Build started at 2025-07-02T09:59:47.560768
Main binary: /usr/bin/python3
Build Options: -Daudio_drv_list=default -Ddefault_devices=true -Ddocdir=/usr/local/share/doc -Diasl= -Dqemu_firmwarepath=/usr/local/share/qemu-firmware -Dqemu_suffix=qemu -Dsmbd= -Dsphinx_build= -Dtrace_file=trace -Doptimization=2 -Ddebug=true -Dwerror=true -Db_pie=true -Db_coverage=false -Db_lto=false -Dcfi=false -Dtcg=enabled -Dxen=disabled -Dcapstone=auto -Dfdt=auto -Dslirp=auto -Dkvm=enabled -Dmalloc=jemalloc -Dprefix=/usr/local -Dbindir=/usr/local/bin -Ddatadir=/usr/local/share -Dincludedir=/usr/local/include -Dlibdir=/usr/local/lib -Dlibexecdir=/usr/local/libexec -Dlocaledir=/usr/local/share/locale -Dlocalstatedir=/usr/local/var -Dmandir=/usr/local/share/man -Dsysconfdir=/usr/local/etc '--native-file config-meson.cross'
Python system: Linux
The Meson build system
Version: 0.59.3
Source dir: /opt/work/kvemu
Build dir: /opt/work/kvemu/build-femu
Build type: native build
Project name: qemu
Project version: 7.0.0
Sanity testing C compiler: cc -m64 -mcx16
Is cross compiler: False.
Sanity check compiler command line: cc -m64 -mcx16 sanitycheckc.c -o sanitycheckc.exe -D_FILE_OFFSET_BITS=64
Sanity check compile stdout:

-----
Sanity check compile stderr:

-----
Running test binary command: /opt/work/kvemu/build-femu/meson-private/sanitycheckc.exe
C compiler for the host machine: cc -m64 -mcx16 (gcc 11.4.0 "cc (Ubuntu 11.4.0-1ubuntu1~22.04) 11.4.0")
C linker for the host machine: cc -m64 -mcx16 ld.bfd 2.38
Sanity testing C compiler: cc -m64 -mcx16
Is cross compiler: False.
Sanity check compiler command line: cc -m64 -mcx16 sanitycheckc.c -o sanitycheckc.exe -D_FILE_OFFSET_BITS=64
Sanity check compile stdout:

-----
Sanity check compile stderr:

-----
Running test binary command: /opt/work/kvemu/build-femu/meson-private/sanitycheckc.exe
C compiler for the build machine: cc -m64 -mcx16 (gcc 11.4.0 "cc (Ubuntu 11.4.0-1ubuntu1~22.04) 11.4.0")
C linker for the build machine: cc -m64 -mcx16 ld.bfd 2.38
Build machine cpu family: x86_64
Build machine cpu: x86_64
Host machine cpu family: x86_64
Host machine cpu: x86_64
Target machine cpu family: x86_64
Target machine cpu: x86_64
Program sh found: YES (/usr/bin/sh)
Program python3 found: YES (/usr/bin/python3)
WARNING: Broken python installation detected. Python files installed by Meson might not be found by python interpreter.
Program bzip2 found: YES (/usr/bin/bzip2)
Sanity testing C++ compiler: c++ -m64 -mcx16
Is cross compiler: False.
Sanity check compiler command line: c++ -m64 -mcx16 sanitycheckcpp.cc -o sanitycheckcpp.exe -D_FILE_OFFSET_BITS=64
Sanity check compile stdout:

-----
Sanity check compile stderr:

-----
Running test binary command: /opt/work/kvemu/build-femu/meson-private/sanitycheckcpp.exe
C++ compiler for the host machine: c++ -m64 -mcx16 (gcc 11.4.0 "c++ (Ubuntu 11.4.0-1ubuntu1~22.04) 11.4.0")
C++ linker for the host machine: c++ -m64 -mcx16 ld.bfd 2.38
Program cgcc found: NO
Running compile:
Working directory:  /opt/work/kvemu/build-femu/meson-private/tmpc0hbs8d6
Command line:  cc -m64 -mcx16 /opt/work/kvemu/build-femu/meson-private/tmpc0hbs8d6/testfile.c -o /opt/work/kvemu/build-femu/meson-private/tmpc0hbs8d6/output.exe -D_FILE_OFFSET_BITS=64 -O0 -Wl,--start-group -lm -Wl,--end-group -Wl,--allow-shlib-undefined 

Code:
 int main(void) { return 0; }

Compiler stdout:
 
Compiler stderr:
 
Library m found: YES
Run-time dependency threads found: YES
Running compile:
Working directory:  /opt/work/kvemu/build-femu/meson-private/tmp9wlx571s
Command line:  cc -m64 -mcx16 /opt/work/kvemu/build-femu/meson-private/tmp9wlx571s/testfile.c -o /opt/work/kvemu/build-femu/meson-private/tmp9wlx571s/output.exe -D_FILE_OFFSET_BITS=64 -O0 -Wl,--start-group -lutil -Wl,--end-group -Wl,--allow-shlib-undefined 

Code:
 int main(void) { return 0; }

Compiler stdout:
 
Compiler stderr:
 
Library util found: YES
Run-time dependency appleframeworks found: NO (tried framework)
Pkg-config binary for MachineChoice.HOST is not cached.
Pkg-config binary for 1 specified from cross file, native file, or env var as ['pkg-config']
Found pkg-config: /usr/bin/pkg-config (0.29.2)
Determining dependency 'pixman-1' with pkg-config executable '/usr/bin/pkg-config'
env[PKG_CONFIG_PATH]: 
Called `/usr/bin/pkg-config --modversion pixman-1` -> 0
0.40.0
env[PKG_CONFIG_PATH]: 
Called `/usr/bin/pkg-config --cflags pixman-1` -> 0
-I/usr/include/pixman-1
env[PKG_CONFIG_ALLOW_SYSTEM_LIBS]: 1
env[PKG_CONFIG_PATH]: 
Called `/usr/bin/pkg-config --libs pixman-1` -> 0
-L/usr/lib/x86_64-linux-gnu -lpixman-1
env[PKG_CONFIG_PATH]: 
Called `/usr/bin/pkg-config --libs pixman-1` -> 0
-lpixman-1
Running compile:
Working directory:  /opt/work/kvemu/build-femu/meson-private/tmpimf3rwgv
Command line:  c++ -m64 -mcx16 /opt/work/kvemu/build-femu/meson-private/tmpimf3rwgv/testfile.cpp -o /opt/work/kvemu/build-femu/meson-private/tmpimf3rwgv/output.exe -D_FILE_OFFSET_BITS=64 -O0 -fpermissive 

Code:
 #include<stdio.h>
        
        int main(void) {
            printf("%ld\n", (long)(sizeof(void *)));
            return 0;
        };
Compiler stdout:
 
Compiler stderr:
 
Program stdout:

8

Program stderr:


Running compile:
Working directory:  /opt/work/kvemu/build-femu/meson-private/tmpzpk0lyfh
Command line:  c++ -m64 -mcx16 /opt/work/kvemu/build-femu/meson-private/tmpzpk0lyfh/testfile.cpp -o /opt/work/kvemu/build-femu/meson-private/tmpzpk0lyfh/output.obj -c -D_FILE_OFFSET_BITS=64 -O0 -fpermissive --print-search-dirs 

Code:
 
Compiler stdout:
 install: /usr/lib/gcc/x86_64-linux-gnu/11/
programs: =/usr/lib/gcc/x86_64-linux-gnu/11/:/usr/lib/gcc/x86_64-linux-gnu/11/:/usr/lib/gcc/x86_64-linux-gnu/:/usr/lib/gcc/x86_64-linux-gnu/11/:/usr/lib/gcc/x86_64-linux-gnu/:/usr/lib/gcc/x86_64-linux-gnu/11/../../../../x86_64-linux-gnu/bin/x86_64-linux-gnu/11/:/usr/lib/gcc/x86_64-linux-gnu/11/../../../../x86_64-linux-gnu/bin/x86_64-linux-gnu/:/usr/lib/gcc/x86_64-linux-gnu/11/../../../../x86_64-linux-gnu/bin/
libraries: =/usr/lib/gcc/x86_64-linux-gnu/11/:/usr/lib/gcc/x86_64-linux-gnu/11/../../../../x86_64-linux-gnu/lib/x86_64-linux-gnu/11/:/usr/lib/gcc/x86_64-linux-gnu/11/../../../../x86_64-linux-gnu/lib/x86_64-linux-gnu/:/usr/lib/gcc/x86_64-linux-gnu/11/../../../../x86_64-linux-gnu/lib/../lib/:/usr/lib/gcc/x86_64-linux-gnu/11/../../../x86_64-linux-gnu/11/:/usr/lib/gcc/x86_64-linux-gnu/11/../../../x86_64-linux-gnu/:/usr/lib/gcc/x86_64-linux-gnu/11/../../../../lib/:/lib/x86_64-linux-gnu/11/:/lib/x86_64-linux-gnu/:/lib/../lib/:/usr/lib/x86_64-linux-gnu/11/:/usr/lib/x86_64-linux-gnu/:/usr/lib/../lib/:/usr/lib/gcc/x86_64-linux-gnu/11/../../../../x86_64-linux-gnu/lib/:/usr/lib/gcc/x86_64-linux-gnu/11/../../../:/lib/:/usr/lib/

Compiler stderr:
 
Run-time dependency pixman-1 found: YES 0.40.0
Pkg-config binary for MachineChoice.HOST is cached.
Determining dependency 'zlib' with pkg-config executable '/usr/bin/pkg-config'
env[PKG_CONFIG_PATH]: 
Called `/usr/bin/pkg-config --modversion zlib` -> 0
1.2.11
env[PKG_CONFIG_PATH]: 
Called `/usr/bin/pkg-config --cflags zlib` -> 0

env[PKG_CONFIG_ALLOW_SYSTEM_LIBS]: 1
env[PKG_CONFIG_PATH]: 
Called `/usr/bin/pkg-config --libs zlib` -> 0
-L/usr/lib/x86_64-linux-gnu -lz
env[PKG_CONFIG_PATH]: 
Called `/usr/bin/pkg-config --libs zlib` -> 0
-lz
Run-time dependency zlib found: YES 1.2.11
Running compile:
Working directory:  /opt/work/kvemu/build-femu/meson-private/tmp25h7wgbt
Command line:  cc -m64 -mcx16 /opt/work/kvemu/build-femu/meson-private/tmp25h7wgbt/testfile.c -E -P -D_FILE_OFFSET_BITS=64 -P -O0 -std=gnu11 

Code:
 
        #ifdef __has_include
         #if !__has_include("libaio.h")
          #error "Header 'libaio.h' could not be found"
         #endif
        #else
         #include <libaio.h>
        #endif
Compiler stdout:
 
Compiler stderr:
 
Has header "libaio.h" : YES 
Running compile:
Working directory:  /opt/work/kvemu/build-femu/meson-private/tmpr7nttwd6
Command line:  cc -m64 -mcx16 /opt/work/kvemu/build-femu/meson-private/tmpr7nttwd6/testfile.c -o /opt/work/kvemu/build-femu/meson-private/tmpr7nttwd6/output.exe -D_FILE_OFFSET_BITS=64 -O0 -Wl,--start-group -laio -Wl,--end-group -Wl,--allow-shlib-undefined 

Code:
 int main(void) { return 0; }

Compiler stdout:
 
Compiler stderr:
 
Library aio found: YES
Pkg-config binary for MachineChoice.HOST is cached.
Determining dependency 'liburing' with pkg-config executable '/usr/bin/pkg-config'
env[PKG_CONFIG_PATH]: 
Called `/usr/bin/pkg-config --modversion liburing` -> 1

Run-time dependency liburing found: NO (tried pkgconfig)
Pkg-config binary for MachineChoice.HOST is cached.
Determining dependency 'libnfs' with pkg-config executable '/usr/bin/pkg-config'
env[PKG_CONFIG_PATH]: 
Called `/usr/bin/pkg-config --modversion libnfs` -> 1

Run-time dependency libnfs found: NO (tried pkgconfig)
Running compile:
Working directory:  /opt/work/kvemu/build-femu/meson-private/tmp8czu6e4r
Command line:  cc -m64 -mcx16 /opt/work/kvemu/build-femu/meson-private/tmp8czu6e4r/testfile.c -o /opt/work/kvemu/build-femu/meson-private/tmp8czu6e4r/output.exe -D_FILE_OFFSET_BITS=64 -O0 -std=gnu11 

Code:
 
  #include <stddef.h>
  #include <sys/types.h>
  #ifdef CONFIG_LIBATTR
  #include <attr/xattr.h>
  #else
  #include <sys/xattr.h>
  #endif
  int main(void) { getxattr(NULL, NULL, NULL, 0); setxattr(NULL, NULL, NULL, 0, 0); return 0; }
Compiler stdout:
 
Compiler stderr:
 
Run-time dependency appleframeworks found: NO (tried framework)
Pkg-config binary for MachineChoice.HOST is cached.
Determining dependency 'libseccomp' with pkg-config executable '/usr/bin/pkg-config'
env[PKG_CONFIG_PATH]: 
Called `/usr/bin/pkg-config --modversion libseccomp` -> 1

Run-time dependency libseccomp found: NO (tried pkgconfig)
Running compile:
Working directory:  /opt/work/kvemu/build-femu/meson-private/tmpzj4ed3tl
Command line:  cc -m64 -mcx16 /opt/work/kvemu/build-femu/meson-private/tmpzj4ed3tl/testfile.c -E -P -D_FILE_OFFSET_BITS=64 -P -O0 -std=gnu11 

Code:
 
        #ifdef __has_include
         #if !__has_include("cap-ng.h")
          #error "Header 'cap-ng.h' could not be found"
         #endif
        #else
         #include <cap-ng.h>
        #endif
Compiler stdout:
 
Compiler stderr:
 /opt/work/kvemu/build-femu/meson-private/tmpzj4ed3tl/testfile.c:4:12: error: #error "Header 'cap-ng.h' could not be found"
    4 |           #error "Header 'cap-ng.h' could not be found"
      |            ^~~~~

Has header "cap-ng.h" : NO 
Pkg-config binary for MachineChoice.HOST is cached.
Determining dependency 'xkbcommon' with pkg-config executable '/usr/bin/pkg-config'
env[PKG_CONFIG_PATH]: 
Called `/usr/bin/pkg-config --modversion xkbcommon` -> 1

Run-time dependency xkbcommon found: NO (tried pkgconfig)
Running compile:
Working directory:  /opt/work/kvemu/build-femu/meson-private/tmpsn1hq4ek
Command line:  cc -m64 -mcx16 /opt/work/kvemu/build-femu/meson-private/tmpsn1hq4ek/testfile.c -E -P -D_FILE_OFFSET_BITS=64 -P -O0 -std=gnu11 

Code:
 
        #ifdef __has_include
         #if !__has_include("libvdeplug.h")
          #error "Header 'libvdeplug.h' could not be found"
         #endif
        #else
         #include <libvdeplug.h>
        #endif
Compiler stdout:
 
Compiler stderr:
 /opt/work/kvemu/build-femu/meson-private/tmpsn1hq4ek/testfile.c:4:12: error: #error "Header 'libvdeplug.h' could not be found"
    4 |           #error "Header 'libvdeplug.h' could not be found"
      |            ^~~~~

Has header "libvdeplug.h" : NO 
Pkg-config binary for MachineChoice.HOST is cached.
Determining dependency 'libpulse' with pkg-config executable '/usr/bin/pkg-config'
env[PKG_CONFIG_PATH]: 
Called `/usr/bin/pkg-config --modversion libpulse` -> 1

Run-time dependency libpulse found: NO (tried pkgconfig)
Pkg-config binary for MachineChoice.HOST is cached.
Determining dependency 'alsa' with pkg-config executable '/usr/bin/pkg-config'
env[PKG_CONFIG_PATH]: 
Called `/usr/bin/pkg-config --modversion alsa` -> 1

Run-time dependency alsa found: NO (tried pkgconfig)
Pkg-config binary for MachineChoice.HOST is cached.
Determining dependency 'jack' with pkg-config executable '/usr/bin/pkg-config'
env[PKG_CONFIG_PATH]: 
Called `/usr/bin/pkg-config --modversion jack` -> 1

Run-time dependency jack found: NO (tried pkgconfig)
Pkg-config binary for MachineChoice.HOST is cached.
Determining dependency 'spice-protocol' with pkg-config executable '/usr/bin/pkg-config'
env[PKG_CONFIG_PATH]: 
Called `/usr/bin/pkg-config --modversion spice-protocol` -> 1

Run-time dependency spice-protocol found: NO (tried pkgconfig)
Pkg-config binary for MachineChoice.HOST is cached.
Determining dependency 'spice-server' with pkg-config executable '/usr/bin/pkg-config'
env[PKG_CONFIG_PATH]: 
Called `/usr/bin/pkg-config --modversion spice-server` -> 1

Run-time dependency spice-server found: NO (tried pkgconfig)
Running compile:
Working directory:  /opt/work/kvemu/build-femu/meson-private/tmpm0nukthd
Command line:  cc -m64 -mcx16 /opt/work/kvemu/build-femu/meson-private/tmpm0nukthd/testfile.c -o /opt/work/kvemu/build-femu/meson-private/tmpm0nukthd/output.exe -D_FILE_OFFSET_BITS=64 -O0 -Wl,--start-group -lrt -Wl,--end-group -Wl,--allow-shlib-undefined 

Code:
 int main(void) { return 0; }

Compiler stdout:
 
Compiler stderr:
 
Library rt found: YES
Pkg-config binary for MachineChoice.HOST is cached.
Determining dependency 'libiscsi' with pkg-config executable '/usr/bin/pkg-config'
env[PKG_CONFIG_PATH]: 
Called `/usr/bin/pkg-config --modversion libiscsi` -> 1

Run-time dependency libiscsi found: NO (tried pkgconfig)
Pkg-config binary for MachineChoice.HOST is cached.
Determining dependency 'libzstd' with pkg-config executable '/usr/bin/pkg-config'
env[PKG_CONFIG_PATH]: 
Called `/usr/bin/pkg-config --modversion libzstd` -> 1

Run-time dependency libzstd found: NO (tried pkgconfig)
Pkg-config binary for MachineChoice.HOST is cached.
Determining dependency 'virglrenderer' with pkg-config executable '/usr/bin/pkg-config'
env[PKG_CONFIG_PATH]: 
Called `/usr/bin/pkg-config --modversion virglrenderer` -> 1

Run-time dependency virglrenderer found: NO (tried pkgconfig)
Pkg-config binary for MachineChoice.HOST is cached.
Determining dependency 'libcurl' with pkg-config executable '/usr/bin/pkg-config'
env[PKG_CONFIG_PATH]: 
Called `/usr/bin/pkg-config --modversion libcurl` -> 1

Run-time dependency libcurl found: NO (tried pkgconfig)
Pkg-config binary for MachineChoice.HOST is cached.
Determining dependency 'libudev' with pkg-config executable '/usr/bin/pkg-config'
env[PKG_CONFIG_PATH]: 
Called `/usr/bin/pkg-config --modversion libudev` -> 1

Run-time dependency libudev found: NO (tried pkgconfig)
Running compile:
Working directory:  /opt/work/kvemu/build-femu/meson-private/tmp9rhtasfq
Command line:  cc -m64 -mcx16 /opt/work/kvemu/build-femu/meson-private/tmp9rhtasfq/testfile.c -o /opt/work/kvemu/build-femu/meson-private/tmp9rhtasfq/output.exe -D_FILE_OFFSET_BITS=64 -O0 -Wl,--start-group -lmpathpersist -Wl,--end-group -Wl,--allow-shlib-undefined 

Code:
 int main(void) { return 0; }

Compiler stdout:
 
Compiler stderr:
 /usr/bin/ld: cannot find -lmpathpersist: No such file or directory
collect2: error: ld returned 1 exit status

Running compile:
Working directory:  /opt/work/kvemu/build-femu/meson-private/tmpdo0un7dk
Command line:  cc -m64 -mcx16 /opt/work/kvemu/build-femu/meson-private/tmpdo0un7dk/testfile.c -o /opt/work/kvemu/build-femu/meson-private/tmpdo0un7dk/output.exe -D_FILE_OFFSET_BITS=64 -O0 

Code:
 #include<stdio.h>
        
        int main(void) {
            printf("%ld\n", (long)(sizeof(void *)));
            return 0;
        };
Compiler stdout:
 
Compiler stderr:
 
Program stdout:

8

Program stderr:


Running compile:
Working directory:  /opt/work/kvemu/build-femu/meson-private/tmpxwsmnm6a
Command line:  cc -m64 -mcx16 /opt/work/kvemu/build-femu/meson-private/tmpxwsmnm6a/testfile.c -o /opt/work/kvemu/build-femu/meson-private/tmpxwsmnm6a/output.obj -c -D_FILE_OFFSET_BITS=64 -O0 --print-search-dirs 

Code:
 
Compiler stdout:
 install: /usr/lib/gcc/x86_64-linux-gnu/11/
programs: =/usr/lib/gcc/x86_64-linux-gnu/11/:/usr/lib/gcc/x86_64-linux-gnu/11/:/usr/lib/gcc/x86_64-linux-gnu/:/usr/lib/gcc/x86_64-linux-gnu/11/:/usr/lib/gcc/x86_64-linux-gnu/:/usr/lib/gcc/x86_64-linux-gnu/11/../../../../x86_64-linux-gnu/bin/x86_64-linux-gnu/11/:/usr/lib/gcc/x86_64-linux-gnu/11/../../../../x86_64-linux-gnu/bin/x86_64-linux-gnu/:/usr/lib/gcc/x86_64-linux-gnu/11/../../../../x86_64-linux-gnu/bin/
libraries: =/usr/lib/gcc/x86_64-linux-gnu/11/:/usr/lib/gcc/x86_64-linux-gnu/11/../../../../x86_64-linux-gnu/lib/x86_64-linux-gnu/11/:/usr/lib/gcc/x86_64-linux-gnu/11/../../../../x86_64-linux-gnu/lib/x86_64-linux-gnu/:/usr/lib/gcc/x86_64-linux-gnu/11/../../../../x86_64-linux-gnu/lib/../lib/:/usr/lib/gcc/x86_64-linux-gnu/11/../../../x86_64-linux-gnu/11/:/usr/lib/gcc/x86_64-linux-gnu/11/../../../x86_64-linux-gnu/:/usr/lib/gcc/x86_64-linux-gnu/11/../../../../lib/:/lib/x86_64-linux-gnu/11/:/lib/x86_64-linux-gnu/:/lib/../lib/:/usr/lib/x86_64-linux-gnu/11/:/usr/lib/x86_64-linux-gnu/:/usr/lib/../lib/:/usr/lib/gcc/x86_64-linux-gnu/11/../../../../x86_64-linux-gnu/lib/:/usr/lib/gcc/x86_64-linux-gnu/11/../../../:/lib/:/usr/lib/

Compiler stderr:
 
Library mpathpersist found: NO
Pkg-config binary for MachineChoice.HOST is cached.
Determining dependency 'ncursesw' with pkg-config executable '/usr/bin/pkg-config'
env[PKG_CONFIG_PATH]: 
Called `/usr/bin/pkg-config --modversion ncursesw` -> 1

Run-time dependency ncursesw found: NO (tried pkgconfig)
Running compile:
Working directory:  /opt/work/kvemu/build-femu/meson-private/tmpzv0jidgr
Command line:  cc -m64 -mcx16 /opt/work/kvemu/build-femu/meson-private/tmpzv0jidgr/testfile.c -E -P -D_FILE_OFFSET_BITS=64 -P -O0 -std=gnu11 -DNCURSES_WIDECHAR=1 

Code:
 
        #ifdef __has_include
         #if !__has_include("curses.h")
          #error "Header 'curses.h' could not be found"
         #endif
        #else
         #include <curses.h>
        #endif
Compiler stdout:
 
Compiler stderr:
 /opt/work/kvemu/build-femu/meson-private/tmpzv0jidgr/testfile.c:4:12: error: #error "Header 'curses.h' could not be found"
    4 |           #error "Header 'curses.h' could not be found"
      |            ^~~~~

Has header "curses.h" : NO 
Message: Trying with /usr/include/ncursesw
Running compile:
Working directory:  /opt/work/kvemu/build-femu/meson-private/tmpic57rrbm
Command line:  cc -m64 -mcx16 -I/usr/include/ncursesw /opt/work/kvemu/build-femu/meson-private/tmpic57rrbm/testfile.c -E -P -D_FILE_OFFSET_BITS=64 -P -O0 -std=gnu11 -DNCURSES_WIDECHAR=1 

Code:
 
        #ifdef __has_include
         #if !__has_include("curses.h")
          #error "Header 'curses.h' could not be found"
         #endif
        #else
         #include <curses.h>
        #endif
Compiler stdout:
 
Compiler stderr:
 /opt/work/kvemu/build-femu/meson-private/tmpic57rrbm/testfile.c:4:12: error: #error "Header 'curses.h' could not be found"
    4 |           #error "Header 'curses.h' could not be found"
      |            ^~~~~

Has header "curses.h" : NO 
Running compile:
Working directory:  /opt/work/kvemu/build-femu/meson-private/tmpfwy70_tq
Command line:  cc -m64 -mcx16 -I/usr/include/glib-2.0 -I/usr/lib/x86_64-linux-gnu/glib-2.0/include /opt/work/kvemu/build-femu/meson-private/tmpfwy70_tq/testfile.c -o /opt/work/kvemu/build-femu/meson-private/tmpfwy70_tq/output.exe -D_FILE_OFFSET_BITS=64 -O0 -std=gnu11 -pthread -Wl,--start-group -lgmodule-2.0 -lglib-2.0 -liconv -Wl,--end-group 

Code:
 
        #include <iconv.h>
        int main(void) {
          iconv_t conv = iconv_open("WCHAR_T", "UCS-2");
          return conv != (iconv_t) -1;
        }
Compiler stdout:
 
Compiler stderr:
 /usr/bin/ld: cannot find -liconv: No such file or directory
collect2: error: ld returned 1 exit status

Running compile:
Working directory:  /opt/work/kvemu/build-femu/meson-private/tmplxw_csjh
Command line:  cc -m64 -mcx16 -I/usr/include/glib-2.0 -I/usr/lib/x86_64-linux-gnu/glib-2.0/include /opt/work/kvemu/build-femu/meson-private/tmplxw_csjh/testfile.c -o /opt/work/kvemu/build-femu/meson-private/tmplxw_csjh/output.exe -D_FILE_OFFSET_BITS=64 -O0 -std=gnu11 -pthread -Wl,--start-group -lgmodule-2.0 -lglib-2.0 -Wl,--end-group 

Code:
 
        #include <iconv.h>
        int main(void) {
          iconv_t conv = iconv_open("WCHAR_T", "UCS-2");
          return conv != (iconv_t) -1;
        }
Compiler stdout:
 
Compiler stderr:
 
Running compile:
Working directory:  /opt/work/kvemu/build-femu/meson-private/tmpl1etwzhm
Command line:  cc -m64 -mcx16 /opt/work/kvemu/build-femu/meson-private/tmpl1etwzhm/testfile.c -E -P -D_FILE_OFFSET_BITS=64 -P -O0 -std=gnu11 

Code:
 
        #ifdef __has_include
         #if !__has_include("brlapi.h")
          #error "Header 'brlapi.h' could not be found"
         #endif
        #else
         #include <brlapi.h>
        #endif
Compiler stdout:
 
Compiler stderr:
 /opt/work/kvemu/build-femu/meson-private/tmpl1etwzhm/testfile.c:4:12: error: #error "Header 'brlapi.h' could not be found"
    4 |           #error "Header 'brlapi.h' could not be found"
      |            ^~~~~

Has header "brlapi.h" : NO 
Pkg-config binary for MachineChoice.HOST is cached.
Determining dependency 'sdl2' with pkg-config executable '/usr/bin/pkg-config'
env[PKG_CONFIG_PATH]: 
Called `/usr/bin/pkg-config --modversion sdl2` -> 1

sdl2-config binary missing from cross or native file, or env var undefined.
Trying a default sdl2-config fallback at sdl2-config
sdl2-config found: NO
Run-time dependency sdl2 found: NO (tried pkgconfig and config-tool)
Running compile:
Working directory:  /opt/work/kvemu/build-femu/meson-private/tmpo4qed_d5
Command line:  cc -m64 -mcx16 /opt/work/kvemu/build-femu/meson-private/tmpo4qed_d5/testfile.c -o /opt/work/kvemu/build-femu/meson-private/tmpo4qed_d5/output.exe -D_FILE_OFFSET_BITS=64 -O0 -Wl,--start-group -lrados -Wl,--end-group -Wl,--allow-shlib-undefined 

Code:
 int main(void) { return 0; }

Compiler stdout:
 
Compiler stderr:
 /usr/bin/ld: cannot find -lrados: No such file or directory
collect2: error: ld returned 1 exit status

Library rados found: NO
Running compile:
Working directory:  /opt/work/kvemu/build-femu/meson-private/tmpo2ig7oyp
Command line:  cc -m64 -mcx16 /opt/work/kvemu/build-femu/meson-private/tmpo2ig7oyp/testfile.c -E -P -D_FILE_OFFSET_BITS=64 -P -O0 -std=gnu11 

Code:
 
        #ifdef __has_include
         #if !__has_include("rbd/librbd.h")
          #error "Header 'rbd/librbd.h' could not be found"
         #endif
        #else
         #include <rbd/librbd.h>
        #endif
Compiler stdout:
 
Compiler stderr:
 /opt/work/kvemu/build-femu/meson-private/tmpo2ig7oyp/testfile.c:4:12: error: #error "Header 'rbd/librbd.h' could not be found"
    4 |           #error "Header 'rbd/librbd.h' could not be found"
      |            ^~~~~

Has header "rbd/librbd.h" : NO 
Pkg-config binary for MachineChoice.HOST is cached.
Determining dependency 'glusterfs-api' with pkg-config executable '/usr/bin/pkg-config'
env[PKG_CONFIG_PATH]: 
Called `/usr/bin/pkg-config --modversion glusterfs-api` -> 1

Run-time dependency glusterfs-api found: NO (tried pkgconfig)
Pkg-config binary for MachineChoice.HOST is cached.
Determining dependency 'libssh' with pkg-config executable '/usr/bin/pkg-config'
env[PKG_CONFIG_PATH]: 
Called `/usr/bin/pkg-config --modversion libssh` -> 1

Run-time dependency libssh found: NO (tried pkgconfig)
Running compile:
Working directory:  /opt/work/kvemu/build-femu/meson-private/tmplhsogcc4
Command line:  cc -m64 -mcx16 /opt/work/kvemu/build-femu/meson-private/tmplhsogcc4/testfile.c -E -P -D_FILE_OFFSET_BITS=64 -P -O0 -std=gnu11 

Code:
 
        #ifdef __has_include
         #if !__has_include("bzlib.h")
          #error "Header 'bzlib.h' could not be found"
         #endif
        #else
         #include <bzlib.h>
        #endif
Compiler stdout:
 
Compiler stderr:
 /opt/work/kvemu/build-femu/meson-private/tmplhsogcc4/testfile.c:4:12: error: #error "Header 'bzlib.h' could not be found"
    4 |           #error "Header 'bzlib.h' could not be found"
      |            ^~~~~

Has header "bzlib.h" : NO 
Running compile:
Working directory:  /opt/work/kvemu/build-femu/meson-private/tmph0nrlyy8
Command line:  cc -m64 -mcx16 /opt/work/kvemu/build-femu/meson-private/tmph0nrlyy8/testfile.c -E -P -D_FILE_OFFSET_BITS=64 -P -O0 -std=gnu11 

Code:
 
        #ifdef __has_include
         #if !__has_include("lzfse.h")
          #error "Header 'lzfse.h' could not be found"
         #endif
        #else
         #include <lzfse.h>
        #endif
Compiler stdout:
 
Compiler stderr:
 /opt/work/kvemu/build-femu/meson-private/tmph0nrlyy8/testfile.c:4:12: error: #error "Header 'lzfse.h' could not be found"
    4 |           #error "Header 'lzfse.h' could not be found"
      |            ^~~~~

Has header "lzfse.h" : NO 
Running compile:
Working directory:  /opt/work/kvemu/build-femu/meson-private/tmp4h17gr8z
Command line:  cc -m64 -mcx16 /opt/work/kvemu/build-femu/meson-private/tmp4h17gr8z/testfile.c -E -P -D_FILE_OFFSET_BITS=64 -P -O0 -std=gnu11 

Code:
 
        #ifdef __has_include
         #if !__has_include("sys/soundcard.h")
          #error "Header 'sys/soundcard.h' could not be found"
         #endif
        #else
         #include <sys/soundcard.h>
        #endif
Compiler stdout:
 
Compiler stderr:
 
Has header "sys/soundcard.h" : YES 
Pkg-config binary for MachineChoice.HOST is cached.
Determining dependency 'gnutls' with pkg-config executable '/usr/bin/pkg-config'
env[PKG_CONFIG_PATH]: 
Called `/usr/bin/pkg-config --modversion gnutls` -> 1

Run-time dependency gnutls found: NO (tried pkgconfig)
Pkg-config binary for MachineChoice.HOST is cached.
Determining dependency 'gnutls' with pkg-config executable '/usr/bin/pkg-config'
env[PKG_CONFIG_PATH]: 
Run-time dependency gnutls found: NO (tried pkgconfig)
libgcrypt-config binary missing from cross or native file, or env var undefined.
Trying a default libgcrypt-config fallback at libgcrypt-config
libgcrypt-config found: NO need ['>=1.8']
Run-time dependency libgcrypt found: NO (tried config-tool)
Pkg-config binary for MachineChoice.HOST is cached.
Determining dependency 'nettle' with pkg-config executable '/usr/bin/pkg-config'
env[PKG_CONFIG_PATH]: 
Called `/usr/bin/pkg-config --modversion nettle` -> 1

Run-time dependency nettle found: NO (tried pkgconfig)
Pkg-config binary for MachineChoice.HOST is cached.
Determining dependency 'gtk+-3.0' with pkg-config executable '/usr/bin/pkg-config'
env[PKG_CONFIG_PATH]: 
Called `/usr/bin/pkg-config --modversion gtk+-3.0` -> 1

Run-time dependency gtk+-3.0 found: NO (tried pkgconfig)
Pkg-config binary for MachineChoice.HOST is cached.
Determining dependency 'libpng' with pkg-config executable '/usr/bin/pkg-config'
env[PKG_CONFIG_PATH]: 
Called `/usr/bin/pkg-config --modversion libpng` -> 1

Run-time dependency libpng found: NO (tried pkgconfig)
Pkg-config binary for MachineChoice.HOST is cached.
Determining dependency 'libjpeg' with pkg-config executable '/usr/bin/pkg-config'
env[PKG_CONFIG_PATH]: 
Called `/usr/bin/pkg-config --modversion libjpeg` -> 1

Run-time dependency libjpeg found: NO (tried pkgconfig)
Running compile:
Working directory:  /opt/work/kvemu/build-femu/meson-private/tmppt1vq4ot
Command line:  cc -m64 -mcx16 /opt/work/kvemu/build-femu/meson-private/tmppt1vq4ot/testfile.c -E -P -D_FILE_OFFSET_BITS=64 -P -O0 -std=gnu11 

Code:
 
        #ifdef __has_include
         #if !__has_include("sasl/sasl.h")
          #error "Header 'sasl/sasl.h' could not be found"
         #endif
        #else
         #include <sasl/sasl.h>
        #endif
Compiler stdout:
 
Compiler stderr:
 /opt/work/kvemu/build-femu/meson-private/tmppt1vq4ot/testfile.c:4:12: error: #error "Header 'sasl/sasl.h' could not be found"
    4 |           #error "Header 'sasl/sasl.h' could not be found"
      |            ^~~~~

Has header "sasl/sasl.h" : NO 
Running compile:
Working directory:  /opt/work/kvemu/build-femu/meson-private/tmptrn7h22b
Command line:  cc -m64 -mcx16 /opt/work/kvemu/build-femu/meson-private/tmptrn7h22b/testfile.c -E -P -D_FILE_OFFSET_BITS=64 -P -O0 -std=gnu11 

Code:
 
        #ifdef __has_include
         #if !__has_include("security/pam_appl.h")
          #error "Header 'security/pam_appl.h' could not be found"
         #endif
        #else
         #include <security/pam_appl.h>
        #endif
Compiler stdout:
 
Compiler stderr:
 /opt/work/kvemu/build-femu/meson-private/tmptrn7h22b/testfile.c:4:12: error: #error "Header 'security/pam_appl.h' could not be found"
    4 |           #error "Header 'security/pam_appl.h' could not be found"
      |            ^~~~~

Has header "security/pam_appl.h" : NO 
Running compile:
Working directory:  /opt/work/kvemu/build-femu/meson-private/tmp6kslgycq
Command line:  cc -m64 -mcx16 /opt/work/kvemu/build-femu/meson-private/tmp6kslgycq/testfile.c -E -P -D_FILE_OFFSET_BITS=64 -P -O0 -std=gnu11 

Code:
 
        #ifdef __has_include
         #if !__has_include("snappy-c.h")
          #error "Header 'snappy-c.h' could not be found"
         #endif
        #else
         #include <snappy-c.h>
        #endif
Compiler stdout:
 
Compiler stderr:
 /opt/work/kvemu/build-femu/meson-private/tmp6kslgycq/testfile.c:4:12: error: #error "Header 'snappy-c.h' could not be found"
    4 |           #error "Header 'snappy-c.h' could not be found"
      |            ^~~~~

Has header "snappy-c.h" : NO 
Running compile:
Working directory:  /opt/work/kvemu/build-femu/meson-private/tmpxaadprkw
Command line:  cc -m64 -mcx16 /opt/work/kvemu/build-femu/meson-private/tmpxaadprkw/testfile.c -E -P -D_FILE_OFFSET_BITS=64 -P -O0 -std=gnu11 

Code:
 
        #ifdef __has_include
         #if !__has_include("lzo/lzo1x.h")
          #error "Header 'lzo/lzo1x.h' could not be found"
         #endif
        #else
         #include <lzo/lzo1x.h>
        #endif
Compiler stdout:
 
Compiler stderr:
 /opt/work/kvemu/build-femu/meson-private/tmpxaadprkw/testfile.c:4:12: error: #error "Header 'lzo/lzo1x.h' could not be found"
    4 |           #error "Header 'lzo/lzo1x.h' could not be found"
      |            ^~~~~

Has header "lzo/lzo1x.h" : NO 
Running compile:
Working directory:  /opt/work/kvemu/build-femu/meson-private/tmpommjv2gs
Command line:  cc -m64 -mcx16 /opt/work/kvemu/build-femu/meson-private/tmpommjv2gs/testfile.c -E -P -D_FILE_OFFSET_BITS=64 -P -O0 -std=gnu11 

Code:
 
        #ifdef __has_include
         #if !__has_include("numa.h")
          #error "Header 'numa.h' could not be found"
         #endif
        #else
         #include <numa.h>
        #endif
Compiler stdout:
 
Compiler stderr:
 
Has header "numa.h" : YES 
Running compile:
Working directory:  /opt/work/kvemu/build-femu/meson-private/tmp3shj0fyl
Command line:  cc -m64 -mcx16 /opt/work/kvemu/build-femu/meson-private/tmp3shj0fyl/testfile.c -o /opt/work/kvemu/build-femu/meson-private/tmp3shj0fyl/output.exe -D_FILE_OFFSET_BITS=64 -O0 -Wl,--start-group -lnuma -Wl,--end-group -Wl,--allow-shlib-undefined 

Code:
 int main(void) { return 0; }

Compiler stdout:
 
Compiler stderr:
 
Library numa found: YES
Running compile:
Working directory:  /opt/work/kvemu/build-femu/meson-private/tmp1n5i8xed
Command line:  cc -m64 -mcx16 /opt/work/kvemu/build-femu/meson-private/tmp1n5i8xed/testfile.c -o /opt/work/kvemu/build-femu/meson-private/tmp1n5i8xed/output.exe -D_FILE_OFFSET_BITS=64 -O0 -std=gnu11 -Wl,--start-group -lnuma -Wl,--end-group 

Code:
 
   #include <numa.h>
   int main(void) { return numa_available(); }
   
Compiler stdout:
 
Compiler stderr:
 
Pkg-config binary for MachineChoice.HOST is cached.
Determining dependency 'libcacard' with pkg-config executable '/usr/bin/pkg-config'
env[PKG_CONFIG_PATH]: 
Called `/usr/bin/pkg-config --modversion libcacard` -> 1

Run-time dependency libcacard found: NO (tried pkgconfig)
Pkg-config binary for MachineChoice.HOST is cached.
Determining dependency 'u2f-emu' with pkg-config executable '/usr/bin/pkg-config'
env[PKG_CONFIG_PATH]: 
Called `/usr/bin/pkg-config --modversion u2f-emu` -> 1

Run-time dependency u2f-emu found: NO (tried pkgconfig)
Pkg-config binary for MachineChoice.HOST is cached.
Determining dependency 'libusbredirparser-0.5' with pkg-config executable '/usr/bin/pkg-config'
env[PKG_CONFIG_PATH]: 
Called `/usr/bin/pkg-config --modversion libusbredirparser-0.5` -> 1

Run-time dependency libusbredirparser-0.5 found: NO (tried pkgconfig)
Pkg-config binary for MachineChoice.HOST is cached.
Determining dependency 'libusb-1.0' with pkg-config executable '/usr/bin/pkg-config'
env[PKG_CONFIG_PATH]: 
Called `/usr/bin/pkg-config --modversion libusb-1.0` -> 1

Run-time dependency libusb-1.0 found: NO (tried pkgconfig)
Pkg-config binary for MachineChoice.HOST is cached.
Determining dependency 'libpmem' with pkg-config executable '/usr/bin/pkg-config'
env[PKG_CONFIG_PATH]: 
Called `/usr/bin/pkg-config --modversion libpmem` -> 1

Run-time dependency libpmem found: NO (tried pkgconfig)
Pkg-config binary for MachineChoice.HOST is cached.
Determining dependency 'libdaxctl' with pkg-config executable '/usr/bin/pkg-config'
env[PKG_CONFIG_PATH]: 
Called `/usr/bin/pkg-config --modversion libdaxctl` -> 1

Run-time dependency libdaxctl found: NO (tried pkgconfig)
Pkg-config binary for MachineChoice.HOST is cached.
Determining dependency 'libkeyutils' with pkg-config executable '/usr/bin/pkg-config'
env[PKG_CONFIG_PATH]: 
Called `/usr/bin/pkg-config --modversion libkeyutils` -> 1

Run-time dependency libkeyutils found: NO (tried pkgconfig)
Running compile:
Working directory:  /opt/work/kvemu/build-femu/meson-private/tmpz9zme78c
Command line:  cc -m64 -mcx16 /opt/work/kvemu/build-femu/meson-private/tmpz9zme78c/testfile.c -o /opt/work/kvemu/build-femu/meson-private/tmpz9zme78c/output.exe -D_FILE_OFFSET_BITS=64 -O0 -std=gnu11 

Code:
 
        #define gettid meson_disable_define_of_gettid
        
        #include <limits.h>
        #undef gettid
        
        #ifdef __cplusplus
        extern "C"
        #endif
        char gettid (void);
        
        #if defined __stub_gettid || defined __stub___gettid
        fail fail fail this function is not going to work
        #endif
        
        int main(void) {
          return gettid ();
        }
Compiler stdout:
 
Compiler stderr:
 
Checking for function "gettid" : YES 
Pkg-config binary for MachineChoice.HOST is cached.
Determining dependency 'libselinux' with pkg-config executable '/usr/bin/pkg-config'
env[PKG_CONFIG_PATH]: 
Called `/usr/bin/pkg-config --modversion libselinux` -> 0
3.3
env[PKG_CONFIG_PATH]: 
Called `/usr/bin/pkg-config --cflags libselinux` -> 0

env[PKG_CONFIG_ALLOW_SYSTEM_LIBS]: 1
env[PKG_CONFIG_PATH]: 
Called `/usr/bin/pkg-config --libs libselinux` -> 0
-L/usr/lib -lselinux
env[PKG_CONFIG_PATH]: 
Called `/usr/bin/pkg-config --libs libselinux` -> 0
-lselinux
Run-time dependency libselinux found: YES 3.3
Running compile:
Working directory:  /opt/work/kvemu/build-femu/meson-private/tmp86ha7l5z
Command line:  cc -m64 -mcx16 /opt/work/kvemu/build-femu/meson-private/tmp86ha7l5z/testfile.c -o /opt/work/kvemu/build-femu/meson-private/tmp86ha7l5z/output.exe -D_FILE_OFFSET_BITS=64 -O0 -Wl,--start-group -ljemalloc -Wl,--end-group -Wl,--allow-shlib-undefined 

Code:
 int main(void) { return 0; }

Compiler stdout:
 
Compiler stderr:
 
Library jemalloc found: YES
Running compile:
Working directory:  /opt/work/kvemu/build-femu/meson-private/tmpnfj902sk
Command line:  cc -m64 -mcx16 /opt/work/kvemu/build-femu/meson-private/tmpnfj902sk/testfile.c -o /opt/work/kvemu/build-femu/meson-private/tmpnfj902sk/output.exe -D_FILE_OFFSET_BITS=64 -O0 -std=gnu11 

Code:
 
  #ifndef _GNU_SOURCE
  #define _GNU_SOURCE
  #endif

  #include <sys/stat.h>
  int main(void) {
    struct statx statxbuf;
    statx(0, "", 0, STATX_BASIC_STATS, &statxbuf);
    return 0;
  }
Compiler stdout:
 
Compiler stderr:
 
Running compile:
Working directory:  /opt/work/kvemu/build-femu/meson-private/tmprb2lff25
Command line:  cc -m64 -mcx16 /opt/work/kvemu/build-femu/meson-private/tmprb2lff25/testfile.c -o /opt/work/kvemu/build-femu/meson-private/tmprb2lff25/output.exe -D_FILE_OFFSET_BITS=64 -O0 -std=gnu11 

Code:
 
  #ifndef _GNU_SOURCE
  #define _GNU_SOURCE
  #endif

  #include <sys/stat.h>
  int main(void) {
    struct statx statxbuf;
    statx(0, "", 0, STATX_BASIC_STATS | STATX_MNT_ID, &statxbuf);
    return statxbuf.stx_mnt_id;
  }
Compiler stdout:
 
Compiler stderr:
 
Pkg-config binary for MachineChoice.HOST is cached.
Determining dependency 'fuse3' with pkg-config executable '/usr/bin/pkg-config'
env[PKG_CONFIG_PATH]: 
Called `/usr/bin/pkg-config --modversion fuse3` -> 1

Run-time dependency fuse3 found: NO (tried pkgconfig)
Pkg-config binary for MachineChoice.HOST is cached.
Determining dependency 'libbpf' with pkg-config executable '/usr/bin/pkg-config'
env[PKG_CONFIG_PATH]: 
Called `/usr/bin/pkg-config --modversion libbpf` -> 1

Run-time dependency libbpf found: NO (tried pkgconfig)
Running compile:
Working directory:  /opt/work/kvemu/build-femu/meson-private/tmpicgq_bse
Command line:  cc -m64 -mcx16 /opt/work/kvemu/build-femu/meson-private/tmpicgq_bse/testfile.c -E -P -D_FILE_OFFSET_BITS=64 -P -O0 -std=gnu11 

Code:
 
        #ifdef __has_include
         #if !__has_include("sys/epoll.h")
          #error "Header 'sys/epoll.h' could not be found"
         #endif
        #else
         #include <sys/epoll.h>
        #endif
Compiler stdout:
 
Compiler stderr:
 
Has header "sys/epoll.h" : YES 
Running compile:
Working directory:  /opt/work/kvemu/build-femu/meson-private/tmpd634d875
Command line:  cc -m64 -mcx16 /opt/work/kvemu/build-femu/meson-private/tmpd634d875/testfile.c -E -P -D_FILE_OFFSET_BITS=64 -P -O0 -std=gnu11 

Code:
 
        #ifdef __has_include
         #if !__has_include("linux/magic.h")
          #error "Header 'linux/magic.h' could not be found"
         #endif
        #else
         #include <linux/magic.h>
        #endif
Compiler stdout:
 
Compiler stderr:
 
Has header "linux/magic.h" : YES 
Running compile:
Working directory:  /opt/work/kvemu/build-femu/meson-private/tmpx_skh6wz
Command line:  cc -m64 -mcx16 /opt/work/kvemu/build-femu/meson-private/tmpx_skh6wz/testfile.c -E -P -D_FILE_OFFSET_BITS=64 -P -O0 -std=gnu11 

Code:
 
        #ifdef __has_include
         #if !__has_include("valgrind/valgrind.h")
          #error "Header 'valgrind/valgrind.h' could not be found"
         #endif
        #else
         #include <valgrind/valgrind.h>
        #endif
Compiler stdout:
 
Compiler stderr:
 /opt/work/kvemu/build-femu/meson-private/tmpx_skh6wz/testfile.c:4:12: error: #error "Header 'valgrind/valgrind.h' could not be found"
    4 |           #error "Header 'valgrind/valgrind.h' could not be found"
      |            ^~~~~

Has header "valgrind/valgrind.h" : NO 
Running compile:
Working directory:  /opt/work/kvemu/build-femu/meson-private/tmpnzo66epm
Command line:  cc -m64 -mcx16 /opt/work/kvemu/build-femu/meson-private/tmpnzo66epm/testfile.c -E -P -D_FILE_OFFSET_BITS=64 -P -O0 -std=gnu11 

Code:
 
        #ifdef __has_include
         #if !__has_include("linux/btrfs.h")
          #error "Header 'linux/btrfs.h' could not be found"
         #endif
        #else
         #include <linux/btrfs.h>
        #endif
Compiler stdout:
 
Compiler stderr:
 
Has header "linux/btrfs.h" : YES 
Running compile:
Working directory:  /opt/work/kvemu/build-femu/meson-private/tmpsz7e4kyj
Command line:  cc -m64 -mcx16 /opt/work/kvemu/build-femu/meson-private/tmpsz7e4kyj/testfile.c -E -P -D_FILE_OFFSET_BITS=64 -P -O0 -std=gnu11 

Code:
 
        #ifdef __has_include
         #if !__has_include("libdrm/drm.h")
          #error "Header 'libdrm/drm.h' could not be found"
         #endif
        #else
         #include <libdrm/drm.h>
        #endif
Compiler stdout:
 
Compiler stderr:
 /opt/work/kvemu/build-femu/meson-private/tmpsz7e4kyj/testfile.c:4:12: error: #error "Header 'libdrm/drm.h' could not be found"
    4 |           #error "Header 'libdrm/drm.h' could not be found"
      |            ^~~~~

Has header "libdrm/drm.h" : NO 
Running compile:
Working directory:  /opt/work/kvemu/build-femu/meson-private/tmpvcykm59d
Command line:  cc -m64 -mcx16 /opt/work/kvemu/build-femu/meson-private/tmpvcykm59d/testfile.c -E -P -D_FILE_OFFSET_BITS=64 -P -O0 -std=gnu11 

Code:
 
        #ifdef __has_include
         #if !__has_include("pty.h")
          #error "Header 'pty.h' could not be found"
         #endif
        #else
         #include <pty.h>
        #endif
Compiler stdout:
 
Compiler stderr:
 
Has header "pty.h" : YES 
Running compile:
Working directory:  /opt/work/kvemu/build-femu/meson-private/tmpfmgk0dia
Command line:  cc -m64 -mcx16 /opt/work/kvemu/build-femu/meson-private/tmpfmgk0dia/testfile.c -E -P -D_FILE_OFFSET_BITS=64 -P -O0 -std=gnu11 

Code:
 
        #ifdef __has_include
         #if !__has_include("sys/disk.h")
          #error "Header 'sys/disk.h' could not be found"
         #endif
        #else
         #include <sys/disk.h>
        #endif
Compiler stdout:
 
Compiler stderr:
 /opt/work/kvemu/build-femu/meson-private/tmpfmgk0dia/testfile.c:4:12: error: #error "Header 'sys/disk.h' could not be found"
    4 |           #error "Header 'sys/disk.h' could not be found"
      |            ^~~~~

Has header "sys/disk.h" : NO 
Running compile:
Working directory:  /opt/work/kvemu/build-femu/meson-private/tmp2vagf3su
Command line:  cc -m64 -mcx16 /opt/work/kvemu/build-femu/meson-private/tmp2vagf3su/testfile.c -E -P -D_FILE_OFFSET_BITS=64 -P -O0 -std=gnu11 

Code:
 
        #ifdef __has_include
         #if !__has_include("sys/ioccom.h")
          #error "Header 'sys/ioccom.h' could not be found"
         #endif
        #else
         #include <sys/ioccom.h>
        #endif
Compiler stdout:
 
Compiler stderr:
 /opt/work/kvemu/build-femu/meson-private/tmp2vagf3su/testfile.c:4:12: error: #error "Header 'sys/ioccom.h' could not be found"
    4 |           #error "Header 'sys/ioccom.h' could not be found"
      |            ^~~~~

Has header "sys/ioccom.h" : NO 
Running compile:
Working directory:  /opt/work/kvemu/build-femu/meson-private/tmp047xc6a9
Command line:  cc -m64 -mcx16 /opt/work/kvemu/build-femu/meson-private/tmp047xc6a9/testfile.c -E -P -D_FILE_OFFSET_BITS=64 -P -O0 -std=gnu11 

Code:
 
        #ifdef __has_include
         #if !__has_include("sys/kcov.h")
          #error "Header 'sys/kcov.h' could not be found"
         #endif
        #else
         #include <sys/kcov.h>
        #endif
Compiler stdout:
 
Compiler stderr:
 /opt/work/kvemu/build-femu/meson-private/tmp047xc6a9/testfile.c:4:12: error: #error "Header 'sys/kcov.h' could not be found"
    4 |           #error "Header 'sys/kcov.h' could not be found"
      |            ^~~~~

Has header "sys/kcov.h" : NO 
Running compile:
Working directory:  /opt/work/kvemu/build-femu/meson-private/tmpcdpfaifk
Command line:  cc -m64 -mcx16 /opt/work/kvemu/build-femu/meson-private/tmpcdpfaifk/testfile.c -o /opt/work/kvemu/build-femu/meson-private/tmpcdpfaifk/output.exe -D_FILE_OFFSET_BITS=64 -O0 -std=gnu11 

Code:
 
        #define accept4 meson_disable_define_of_accept4
        
        #include <limits.h>
        #undef accept4
        
        #ifdef __cplusplus
        extern "C"
        #endif
        char accept4 (void);
        
        #if defined __stub_accept4 || defined __stub___accept4
        fail fail fail this function is not going to work
        #endif
        
        int main(void) {
          return accept4 ();
        }
Compiler stdout:
 
Compiler stderr:
 
Checking for function "accept4" : YES 
Running compile:
Working directory:  /opt/work/kvemu/build-femu/meson-private/tmpn3963b49
Command line:  cc -m64 -mcx16 /opt/work/kvemu/build-femu/meson-private/tmpn3963b49/testfile.c -o /opt/work/kvemu/build-femu/meson-private/tmpn3963b49/output.exe -D_FILE_OFFSET_BITS=64 -O0 -std=gnu11 

Code:
 
        #define clock_adjtime meson_disable_define_of_clock_adjtime
        
        #include <limits.h>
        #undef clock_adjtime
        
        #ifdef __cplusplus
        extern "C"
        #endif
        char clock_adjtime (void);
        
        #if defined __stub_clock_adjtime || defined __stub___clock_adjtime
        fail fail fail this function is not going to work
        #endif
        
        int main(void) {
          return clock_adjtime ();
        }
Compiler stdout:
 
Compiler stderr:
 
Checking for function "clock_adjtime" : YES 
Running compile:
Working directory:  /opt/work/kvemu/build-femu/meson-private/tmprv1x5s5m
Command line:  cc -m64 -mcx16 /opt/work/kvemu/build-femu/meson-private/tmprv1x5s5m/testfile.c -o /opt/work/kvemu/build-femu/meson-private/tmprv1x5s5m/output.exe -D_FILE_OFFSET_BITS=64 -O0 -std=gnu11 

Code:
 
        #define dup3 meson_disable_define_of_dup3
        
        #include <limits.h>
        #undef dup3
        
        #ifdef __cplusplus
        extern "C"
        #endif
        char dup3 (void);
        
        #if defined __stub_dup3 || defined __stub___dup3
        fail fail fail this function is not going to work
        #endif
        
        int main(void) {
          return dup3 ();
        }
Compiler stdout:
 
Compiler stderr:
 
Checking for function "dup3" : YES 
Running compile:
Working directory:  /opt/work/kvemu/build-femu/meson-private/tmp4vsvik_z
Command line:  cc -m64 -mcx16 /opt/work/kvemu/build-femu/meson-private/tmp4vsvik_z/testfile.c -o /opt/work/kvemu/build-femu/meson-private/tmp4vsvik_z/output.exe -D_FILE_OFFSET_BITS=64 -O0 -std=gnu11 

Code:
 
        #define fallocate meson_disable_define_of_fallocate
        
        #include <limits.h>
        #undef fallocate
        
        #ifdef __cplusplus
        extern "C"
        #endif
        char fallocate (void);
        
        #if defined __stub_fallocate || defined __stub___fallocate
        fail fail fail this function is not going to work
        #endif
        
        int main(void) {
          return fallocate ();
        }
Compiler stdout:
 
Compiler stderr:
 
Checking for function "fallocate" : YES 
Running compile:
Working directory:  /opt/work/kvemu/build-femu/meson-private/tmphmv_5gzo
Command line:  cc -m64 -mcx16 /opt/work/kvemu/build-femu/meson-private/tmphmv_5gzo/testfile.c -o /opt/work/kvemu/build-femu/meson-private/tmphmv_5gzo/output.exe -D_FILE_OFFSET_BITS=64 -O0 -std=gnu11 

Code:
 
        #define posix_fallocate meson_disable_define_of_posix_fallocate
        
        #include <limits.h>
        #undef posix_fallocate
        
        #ifdef __cplusplus
        extern "C"
        #endif
        char posix_fallocate (void);
        
        #if defined __stub_posix_fallocate || defined __stub___posix_fallocate
        fail fail fail this function is not going to work
        #endif
        
        int main(void) {
          return posix_fallocate ();
        }
Compiler stdout:
 
Compiler stderr:
 
Checking for function "posix_fallocate" : YES 
Running compile:
Working directory:  /opt/work/kvemu/build-femu/meson-private/tmpcl4ij5nk
Command line:  cc -m64 -mcx16 /opt/work/kvemu/build-femu/meson-private/tmpcl4ij5nk/testfile.c -o /opt/work/kvemu/build-femu/meson-private/tmpcl4ij5nk/output.exe -D_FILE_OFFSET_BITS=64 -O0 -std=gnu11 

Code:
 #include <stdlib.h>
#include <limits.h>

        #if defined __stub_posix_memalign || defined __stub___posix_memalign
        fail fail fail this function is not going to work
        #endif
        
int main(void) {
            void *a = (void*) &posix_memalign;
            long long b = (long long) a;
            return (int) b;
        }
Compiler stdout:
 
Compiler stderr:
 
Checking for function "posix_memalign" : YES 
Running compile:
Working directory:  /opt/work/kvemu/build-femu/meson-private/tmpry710ywc
Command line:  cc -m64 -mcx16 /opt/work/kvemu/build-femu/meson-private/tmpry710ywc/testfile.c -o /opt/work/kvemu/build-femu/meson-private/tmpry710ywc/output.exe -D_FILE_OFFSET_BITS=64 -O0 -std=gnu11 

Code:
 
        #define _aligned_malloc meson_disable_define_of__aligned_malloc
        
        #include <limits.h>
        #undef _aligned_malloc
        
        #ifdef __cplusplus
        extern "C"
        #endif
        char _aligned_malloc (void);
        
        #if defined __stub__aligned_malloc || defined __stub____aligned_malloc
        fail fail fail this function is not going to work
        #endif
        
        int main(void) {
          return _aligned_malloc ();
        }
Compiler stdout:
 
Compiler stderr:
 /usr/bin/ld: /tmp/cch0OMex.o: in function `main':
testfile.c:(.text+0x9): undefined reference to `_aligned_malloc'
collect2: error: ld returned 1 exit status

Running compile:
Working directory:  /opt/work/kvemu/build-femu/meson-private/tmp4h37shuy
Command line:  cc -m64 -mcx16 /opt/work/kvemu/build-femu/meson-private/tmp4h37shuy/testfile.c -o /opt/work/kvemu/build-femu/meson-private/tmp4h37shuy/output.exe -D_FILE_OFFSET_BITS=64 -O0 -std=gnu11 

Code:
 
        int main(void) {

        /* With some toolchains (MSYS2/mingw for example) the compiler
         * provides various builtins which are not really implemented and
         * fall back to the stdlib where they aren't provided and fail at
         * build/link time. In case the user provides a header, including
         * the header didn't lead to the function being defined, and the
         * function we are checking isn't a builtin itself we assume the
         * builtin is not functional and we just error out. */
        #if !1 && !defined(_aligned_malloc) && !0
            #error "No definition for __builtin__aligned_malloc found in the prefix"
        #endif

        #ifdef __has_builtin
            #if !__has_builtin(__builtin__aligned_malloc)
                #error "__builtin__aligned_malloc not found"
            #endif
        #elif ! defined(_aligned_malloc)
            __builtin__aligned_malloc;
        #endif
        return 0;
        }
Compiler stdout:
 
Compiler stderr:
 /opt/work/kvemu/build-femu/meson-private/tmp4h37shuy/testfile.c: In function 'main':
/opt/work/kvemu/build-femu/meson-private/tmp4h37shuy/testfile.c:17:18: error: #error "__builtin__aligned_malloc not found"
   17 |                 #error "__builtin__aligned_malloc not found"
      |                  ^~~~~

Checking for function "_aligned_malloc" : NO 
Running compile:
Working directory:  /opt/work/kvemu/build-femu/meson-private/tmp0_lnq8w5
Command line:  cc -m64 -mcx16 /opt/work/kvemu/build-femu/meson-private/tmp0_lnq8w5/testfile.c -o /opt/work/kvemu/build-femu/meson-private/tmp0_lnq8w5/output.exe -D_FILE_OFFSET_BITS=64 -O0 -std=gnu11 

Code:
 
        #define valloc meson_disable_define_of_valloc
        
        #include <limits.h>
        #undef valloc
        
        #ifdef __cplusplus
        extern "C"
        #endif
        char valloc (void);
        
        #if defined __stub_valloc || defined __stub___valloc
        fail fail fail this function is not going to work
        #endif
        
        int main(void) {
          return valloc ();
        }
Compiler stdout:
 
Compiler stderr:
 
Checking for function "valloc" : YES 
Running compile:
Working directory:  /opt/work/kvemu/build-femu/meson-private/tmppnto_zpc
Command line:  cc -m64 -mcx16 /opt/work/kvemu/build-femu/meson-private/tmppnto_zpc/testfile.c -o /opt/work/kvemu/build-femu/meson-private/tmppnto_zpc/output.exe -D_FILE_OFFSET_BITS=64 -O0 -std=gnu11 

Code:
 
        #define memalign meson_disable_define_of_memalign
        
        #include <limits.h>
        #undef memalign
        
        #ifdef __cplusplus
        extern "C"
        #endif
        char memalign (void);
        
        #if defined __stub_memalign || defined __stub___memalign
        fail fail fail this function is not going to work
        #endif
        
        int main(void) {
          return memalign ();
        }
Compiler stdout:
 
Compiler stderr:
 
Checking for function "memalign" : YES 
Running compile:
Working directory:  /opt/work/kvemu/build-femu/meson-private/tmp1kjmix70
Command line:  cc -m64 -mcx16 /opt/work/kvemu/build-femu/meson-private/tmp1kjmix70/testfile.c -o /opt/work/kvemu/build-femu/meson-private/tmp1kjmix70/output.exe -D_FILE_OFFSET_BITS=64 -O0 -std=gnu11 

Code:
 
        #define ppoll meson_disable_define_of_ppoll
        
        #include <limits.h>
        #undef ppoll
        
        #ifdef __cplusplus
        extern "C"
        #endif
        char ppoll (void);
        
        #if defined __stub_ppoll || defined __stub___ppoll
        fail fail fail this function is not going to work
        #endif
        
        int main(void) {
          return ppoll ();
        }
Compiler stdout:
 
Compiler stderr:
 
Checking for function "ppoll" : YES 
Running compile:
Working directory:  /opt/work/kvemu/build-femu/meson-private/tmp6acphkat
Command line:  cc -m64 -mcx16 /opt/work/kvemu/build-femu/meson-private/tmp6acphkat/testfile.c -o /opt/work/kvemu/build-femu/meson-private/tmp6acphkat/output.exe -D_FILE_OFFSET_BITS=64 -O0 -std=gnu11 

Code:
 #include <sys/uio.h>
#include <limits.h>

        #if defined __stub_preadv || defined __stub___preadv
        fail fail fail this function is not going to work
        #endif
        
int main(void) {
            void *a = (void*) &preadv;
            long long b = (long long) a;
            return (int) b;
        }
Compiler stdout:
 
Compiler stderr:
 
Checking for function "preadv" : YES 
Running compile:
Working directory:  /opt/work/kvemu/build-femu/meson-private/tmppz8u4cxs
Command line:  cc -m64 -mcx16 /opt/work/kvemu/build-femu/meson-private/tmppz8u4cxs/testfile.c -o /opt/work/kvemu/build-femu/meson-private/tmppz8u4cxs/output.exe -D_FILE_OFFSET_BITS=64 -O0 -std=gnu11 

Code:
 
        #define pthread_fchdir_np meson_disable_define_of_pthread_fchdir_np
        
        #include <limits.h>
        #undef pthread_fchdir_np
        
        #ifdef __cplusplus
        extern "C"
        #endif
        char pthread_fchdir_np (void);
        
        #if defined __stub_pthread_fchdir_np || defined __stub___pthread_fchdir_np
        fail fail fail this function is not going to work
        #endif
        
        int main(void) {
          return pthread_fchdir_np ();
        }
Compiler stdout:
 
Compiler stderr:
 /usr/bin/ld: /tmp/ccLBJa7i.o: in function `main':
testfile.c:(.text+0x9): undefined reference to `pthread_fchdir_np'
collect2: error: ld returned 1 exit status

Running compile:
Working directory:  /opt/work/kvemu/build-femu/meson-private/tmpsfz4jyhz
Command line:  cc -m64 -mcx16 /opt/work/kvemu/build-femu/meson-private/tmpsfz4jyhz/testfile.c -o /opt/work/kvemu/build-femu/meson-private/tmpsfz4jyhz/output.exe -D_FILE_OFFSET_BITS=64 -O0 -std=gnu11 

Code:
 
        int main(void) {

        /* With some toolchains (MSYS2/mingw for example) the compiler
         * provides various builtins which are not really implemented and
         * fall back to the stdlib where they aren't provided and fail at
         * build/link time. In case the user provides a header, including
         * the header didn't lead to the function being defined, and the
         * function we are checking isn't a builtin itself we assume the
         * builtin is not functional and we just error out. */
        #if !1 && !defined(pthread_fchdir_np) && !0
            #error "No definition for __builtin_pthread_fchdir_np found in the prefix"
        #endif

        #ifdef __has_builtin
            #if !__has_builtin(__builtin_pthread_fchdir_np)
                #error "__builtin_pthread_fchdir_np not found"
            #endif
        #elif ! defined(pthread_fchdir_np)
            __builtin_pthread_fchdir_np;
        #endif
        return 0;
        }
Compiler stdout:
 
Compiler stderr:
 /opt/work/kvemu/build-femu/meson-private/tmpsfz4jyhz/testfile.c: In function 'main':
/opt/work/kvemu/build-femu/meson-private/tmpsfz4jyhz/testfile.c:17:18: error: #error "__builtin_pthread_fchdir_np not found"
   17 |                 #error "__builtin_pthread_fchdir_np not found"
      |                  ^~~~~

Checking for function "pthread_fchdir_np" : NO 
Running compile:
Working directory:  /opt/work/kvemu/build-femu/meson-private/tmp_6zpkde4
Command line:  cc -m64 -mcx16 /opt/work/kvemu/build-femu/meson-private/tmp_6zpkde4/testfile.c -o /opt/work/kvemu/build-femu/meson-private/tmp_6zpkde4/output.exe -pthread -D_FILE_OFFSET_BITS=64 -O0 -std=gnu11 

Code:
 
        #define sem_timedwait meson_disable_define_of_sem_timedwait
        
        #include <limits.h>
        #undef sem_timedwait
        
        #ifdef __cplusplus
        extern "C"
        #endif
        char sem_timedwait (void);
        
        #if defined __stub_sem_timedwait || defined __stub___sem_timedwait
        fail fail fail this function is not going to work
        #endif
        
        int main(void) {
          return sem_timedwait ();
        }
Compiler stdout:
 
Compiler stderr:
 
Checking for function "sem_timedwait" with dependency threads: YES 
Running compile:
Working directory:  /opt/work/kvemu/build-femu/meson-private/tmpfik37efn
Command line:  cc -m64 -mcx16 /opt/work/kvemu/build-femu/meson-private/tmpfik37efn/testfile.c -o /opt/work/kvemu/build-femu/meson-private/tmpfik37efn/output.exe -D_FILE_OFFSET_BITS=64 -O0 -std=gnu11 

Code:
 
        #define sendfile meson_disable_define_of_sendfile
        
        #include <limits.h>
        #undef sendfile
        
        #ifdef __cplusplus
        extern "C"
        #endif
        char sendfile (void);
        
        #if defined __stub_sendfile || defined __stub___sendfile
        fail fail fail this function is not going to work
        #endif
        
        int main(void) {
          return sendfile ();
        }
Compiler stdout:
 
Compiler stderr:
 
Checking for function "sendfile" : YES 
Running compile:
Working directory:  /opt/work/kvemu/build-femu/meson-private/tmpupq430e6
Command line:  cc -m64 -mcx16 /opt/work/kvemu/build-femu/meson-private/tmpupq430e6/testfile.c -o /opt/work/kvemu/build-femu/meson-private/tmpupq430e6/output.exe -D_FILE_OFFSET_BITS=64 -O0 -std=gnu11 

Code:
 
        #define setns meson_disable_define_of_setns
        
        #include <limits.h>
        #undef setns
        
        #ifdef __cplusplus
        extern "C"
        #endif
        char setns (void);
        
        #if defined __stub_setns || defined __stub___setns
        fail fail fail this function is not going to work
        #endif
        
        int main(void) {
          return setns ();
        }
Compiler stdout:
 
Compiler stderr:
 
Checking for function "setns" : YES 
Running compile:
Working directory:  /opt/work/kvemu/build-femu/meson-private/tmpzwqg49nb
Command line:  cc -m64 -mcx16 /opt/work/kvemu/build-femu/meson-private/tmpzwqg49nb/testfile.c -o /opt/work/kvemu/build-femu/meson-private/tmpzwqg49nb/output.exe -D_FILE_OFFSET_BITS=64 -O0 -std=gnu11 

Code:
 
        #define unshare meson_disable_define_of_unshare
        
        #include <limits.h>
        #undef unshare
        
        #ifdef __cplusplus
        extern "C"
        #endif
        char unshare (void);
        
        #if defined __stub_unshare || defined __stub___unshare
        fail fail fail this function is not going to work
        #endif
        
        int main(void) {
          return unshare ();
        }
Compiler stdout:
 
Compiler stderr:
 
Checking for function "unshare" : YES 
Running compile:
Working directory:  /opt/work/kvemu/build-femu/meson-private/tmp47nb7wo2
Command line:  cc -m64 -mcx16 /opt/work/kvemu/build-femu/meson-private/tmp47nb7wo2/testfile.c -o /opt/work/kvemu/build-femu/meson-private/tmp47nb7wo2/output.exe -D_FILE_OFFSET_BITS=64 -O0 -std=gnu11 

Code:
 
        #define syncfs meson_disable_define_of_syncfs
        
        #include <limits.h>
        #undef syncfs
        
        #ifdef __cplusplus
        extern "C"
        #endif
        char syncfs (void);
        
        #if defined __stub_syncfs || defined __stub___syncfs
        fail fail fail this function is not going to work
        #endif
        
        int main(void) {
          return syncfs ();
        }
Compiler stdout:
 
Compiler stderr:
 
Checking for function "syncfs" : YES 
Running compile:
Working directory:  /opt/work/kvemu/build-femu/meson-private/tmpe874gyn1
Command line:  cc -m64 -mcx16 /opt/work/kvemu/build-femu/meson-private/tmpe874gyn1/testfile.c -o /opt/work/kvemu/build-femu/meson-private/tmpe874gyn1/output.exe -D_FILE_OFFSET_BITS=64 -O0 -std=gnu11 

Code:
 
        #define sync_file_range meson_disable_define_of_sync_file_range
        
        #include <limits.h>
        #undef sync_file_range
        
        #ifdef __cplusplus
        extern "C"
        #endif
        char sync_file_range (void);
        
        #if defined __stub_sync_file_range || defined __stub___sync_file_range
        fail fail fail this function is not going to work
        #endif
        
        int main(void) {
          return sync_file_range ();
        }
Compiler stdout:
 
Compiler stderr:
 
Checking for function "sync_file_range" : YES 
Running compile:
Working directory:  /opt/work/kvemu/build-femu/meson-private/tmpeksfzyat
Command line:  cc -m64 -mcx16 /opt/work/kvemu/build-femu/meson-private/tmpeksfzyat/testfile.c -o /opt/work/kvemu/build-femu/meson-private/tmpeksfzyat/output.exe -D_FILE_OFFSET_BITS=64 -O0 -std=gnu11 

Code:
 
        #define timerfd_create meson_disable_define_of_timerfd_create
        
        #include <limits.h>
        #undef timerfd_create
        
        #ifdef __cplusplus
        extern "C"
        #endif
        char timerfd_create (void);
        
        #if defined __stub_timerfd_create || defined __stub___timerfd_create
        fail fail fail this function is not going to work
        #endif
        
        int main(void) {
          return timerfd_create ();
        }
Compiler stdout:
 
Compiler stderr:
 
Checking for function "timerfd_create" : YES 
Running compile:
Working directory:  /opt/work/kvemu/build-femu/meson-private/tmp0j4s8vw2
Command line:  cc -m64 -mcx16 /opt/work/kvemu/build-femu/meson-private/tmp0j4s8vw2/testfile.c -o /opt/work/kvemu/build-femu/meson-private/tmp0j4s8vw2/output.exe -D_FILE_OFFSET_BITS=64 -O0 -std=gnu11 

Code:
 
        #define copy_file_range meson_disable_define_of_copy_file_range
        
        #include <limits.h>
        #undef copy_file_range
        
        #ifdef __cplusplus
        extern "C"
        #endif
        char copy_file_range (void);
        
        #if defined __stub_copy_file_range || defined __stub___copy_file_range
        fail fail fail this function is not going to work
        #endif
        
        int main(void) {
          return copy_file_range ();
        }
Compiler stdout:
 
Compiler stderr:
 
Checking for function "copy_file_range" : YES 
Running compile:
Working directory:  /opt/work/kvemu/build-femu/meson-private/tmpv5vna9e3
Command line:  cc -m64 -mcx16 /opt/work/kvemu/build-femu/meson-private/tmpv5vna9e3/testfile.c -o /opt/work/kvemu/build-femu/meson-private/tmpv5vna9e3/output.exe -D_FILE_OFFSET_BITS=64 -O0 -std=gnu11 -Wl,--start-group -lutil -Wl,--end-group 

Code:
 
        #define openpty meson_disable_define_of_openpty
        
        #include <limits.h>
        #undef openpty
        
        #ifdef __cplusplus
        extern "C"
        #endif
        char openpty (void);
        
        #if defined __stub_openpty || defined __stub___openpty
        fail fail fail this function is not going to work
        #endif
        
        int main(void) {
          return openpty ();
        }
Compiler stdout:
 
Compiler stderr:
 
Checking for function "openpty" with dependency -lutil: YES 
Running compile:
Working directory:  /opt/work/kvemu/build-femu/meson-private/tmpud3ma74z
Command line:  cc -m64 -mcx16 /opt/work/kvemu/build-femu/meson-private/tmpud3ma74z/testfile.c -o /opt/work/kvemu/build-femu/meson-private/tmpud3ma74z/output.exe -D_FILE_OFFSET_BITS=64 -O0 -std=gnu11 

Code:
 
        #define strchrnul meson_disable_define_of_strchrnul
        
        #include <limits.h>
        #undef strchrnul
        
        #ifdef __cplusplus
        extern "C"
        #endif
        char strchrnul (void);
        
        #if defined __stub_strchrnul || defined __stub___strchrnul
        fail fail fail this function is not going to work
        #endif
        
        int main(void) {
          return strchrnul ();
        }
Compiler stdout:
 
Compiler stderr:
 
Checking for function "strchrnul" : YES 
Running compile:
Working directory:  /opt/work/kvemu/build-femu/meson-private/tmphw8srm_c
Command line:  cc -m64 -mcx16 /opt/work/kvemu/build-femu/meson-private/tmphw8srm_c/testfile.c -o /opt/work/kvemu/build-femu/meson-private/tmphw8srm_c/output.exe -D_FILE_OFFSET_BITS=64 -O0 -std=gnu11 

Code:
 #include <stdlib.h>
#include <limits.h>

        #if defined __stub_system || defined __stub___system
        fail fail fail this function is not going to work
        #endif
        
int main(void) {
            void *a = (void*) &system;
            long long b = (long long) a;
            return (int) b;
        }
Compiler stdout:
 
Compiler stderr:
 
Checking for function "system" : YES 
Running compile:
Working directory:  /opt/work/kvemu/build-femu/meson-private/tmpwoau5tc1
Command line:  cc -m64 -mcx16 /opt/work/kvemu/build-femu/meson-private/tmpwoau5tc1/testfile.c -o /opt/work/kvemu/build-femu/meson-private/tmpwoau5tc1/output.obj -c -D_FILE_OFFSET_BITS=64 -O0 -std=gnu11 

Code:
 
        #include <byteswap.h>
        int main(void) {
            /* If it's not defined as a macro, try to use as a symbol */
            #ifndef bswap_32
                bswap_32;
            #endif
            return 0;
        }
Compiler stdout:
 
Compiler stderr:
 
Header <byteswap.h> has symbol "bswap_32" : YES 
Running compile:
Working directory:  /opt/work/kvemu/build-femu/meson-private/tmpj1scj778
Command line:  cc -m64 -mcx16 /opt/work/kvemu/build-femu/meson-private/tmpj1scj778/testfile.c -o /opt/work/kvemu/build-femu/meson-private/tmpj1scj778/output.obj -c -D_FILE_OFFSET_BITS=64 -O0 -std=gnu11 

Code:
 
        #include <sys/epoll.h>
        int main(void) {
            /* If it's not defined as a macro, try to use as a symbol */
            #ifndef epoll_create1
                epoll_create1;
            #endif
            return 0;
        }
Compiler stdout:
 
Compiler stderr:
 
Header <sys/epoll.h> has symbol "epoll_create1" : YES 
Running compile:
Working directory:  /opt/work/kvemu/build-femu/meson-private/tmpsrmufm69
Command line:  cc -m64 -mcx16 /opt/work/kvemu/build-femu/meson-private/tmpsrmufm69/testfile.c -o /opt/work/kvemu/build-femu/meson-private/tmpsrmufm69/output.obj -c -D_FILE_OFFSET_BITS=64 -O0 -std=gnu11 

Code:
 
  #ifndef _GNU_SOURCE
  #define _GNU_SOURCE
  #endif

        #include <unistd.h>
        int main(void) {
            /* If it's not defined as a macro, try to use as a symbol */
            #ifndef environ
                environ;
            #endif
            return 0;
        }
Compiler stdout:
 
Compiler stderr:
 
Header <unistd.h> has symbol "environ" : YES 
Running compile:
Working directory:  /opt/work/kvemu/build-femu/meson-private/tmpgaoya0oc
Command line:  cc -m64 -mcx16 /opt/work/kvemu/build-femu/meson-private/tmpgaoya0oc/testfile.c -o /opt/work/kvemu/build-femu/meson-private/tmpgaoya0oc/output.obj -c -D_FILE_OFFSET_BITS=64 -O0 -std=gnu11 

Code:
 
        #include <linux/falloc.h>
        int main(void) {
            /* If it's not defined as a macro, try to use as a symbol */
            #ifndef FALLOC_FL_PUNCH_HOLE
                FALLOC_FL_PUNCH_HOLE;
            #endif
            return 0;
        }
Compiler stdout:
 
Compiler stderr:
 
Header <linux/falloc.h> has symbol "FALLOC_FL_PUNCH_HOLE" : YES 
Running compile:
Working directory:  /opt/work/kvemu/build-femu/meson-private/tmpufb05c5z
Command line:  cc -m64 -mcx16 /opt/work/kvemu/build-femu/meson-private/tmpufb05c5z/testfile.c -o /opt/work/kvemu/build-femu/meson-private/tmpufb05c5z/output.obj -c -D_FILE_OFFSET_BITS=64 -O0 -std=gnu11 

Code:
 
        #include <linux/falloc.h>
        int main(void) {
            /* If it's not defined as a macro, try to use as a symbol */
            #ifndef FALLOC_FL_KEEP_SIZE
                FALLOC_FL_KEEP_SIZE;
            #endif
            return 0;
        }
Compiler stdout:
 
Compiler stderr:
 
Header <linux/falloc.h> has symbol "FALLOC_FL_KEEP_SIZE" : YES 
Running compile:
Working directory:  /opt/work/kvemu/build-femu/meson-private/tmpwju_evt1
Command line:  cc -m64 -mcx16 /opt/work/kvemu/build-femu/meson-private/tmpwju_evt1/testfile.c -o /opt/work/kvemu/build-femu/meson-private/tmpwju_evt1/output.obj -c -D_FILE_OFFSET_BITS=64 -O0 -std=gnu11 

Code:
 
        #include <linux/falloc.h>
        int main(void) {
            /* If it's not defined as a macro, try to use as a symbol */
            #ifndef FALLOC_FL_ZERO_RANGE
                FALLOC_FL_ZERO_RANGE;
            #endif
            return 0;
        }
Compiler stdout:
 
Compiler stderr:
 
Header <linux/falloc.h> has symbol "FALLOC_FL_ZERO_RANGE" : YES 
Running compile:
Working directory:  /opt/work/kvemu/build-femu/meson-private/tmpgoatg62l
Command line:  cc -m64 -mcx16 /opt/work/kvemu/build-femu/meson-private/tmpgoatg62l/testfile.c -E -P -D_FILE_OFFSET_BITS=64 -P -O0 -std=gnu11 

Code:
 
        #ifdef __has_include
         #if !__has_include("linux/fiemap.h")
          #error "Header 'linux/fiemap.h' could not be found"
         #endif
        #else
         #include <linux/fiemap.h>
        #endif
Compiler stdout:
 
Compiler stderr:
 
Has header "linux/fiemap.h" : YES 
Running compile:
Working directory:  /opt/work/kvemu/build-femu/meson-private/tmp73khfnd2
Command line:  cc -m64 -mcx16 /opt/work/kvemu/build-femu/meson-private/tmp73khfnd2/testfile.c -o /opt/work/kvemu/build-femu/meson-private/tmp73khfnd2/output.obj -c -D_FILE_OFFSET_BITS=64 -O0 -std=gnu11 

Code:
 
        #include <linux/fs.h>
        int main(void) {
            /* If it's not defined as a macro, try to use as a symbol */
            #ifndef FS_IOC_FIEMAP
                FS_IOC_FIEMAP;
            #endif
            return 0;
        }
Compiler stdout:
 
Compiler stderr:
 
Header <linux/fs.h> has symbol "FS_IOC_FIEMAP" : YES 
Running compile:
Working directory:  /opt/work/kvemu/build-femu/meson-private/tmpnck2km69
Command line:  cc -m64 -mcx16 /opt/work/kvemu/build-femu/meson-private/tmpnck2km69/testfile.c -o /opt/work/kvemu/build-femu/meson-private/tmpnck2km69/output.exe -D_FILE_OFFSET_BITS=64 -O0 -std=gnu11 

Code:
 
        #define getrandom meson_disable_define_of_getrandom
        
        #include <limits.h>
        #undef getrandom
        
        #ifdef __cplusplus
        extern "C"
        #endif
        char getrandom (void);
        
        #if defined __stub_getrandom || defined __stub___getrandom
        fail fail fail this function is not going to work
        #endif
        
        int main(void) {
          return getrandom ();
        }
Compiler stdout:
 
Compiler stderr:
 
Checking for function "getrandom" : YES 
Running compile:
Working directory:  /opt/work/kvemu/build-femu/meson-private/tmpnpmhin2a
Command line:  cc -m64 -mcx16 /opt/work/kvemu/build-femu/meson-private/tmpnpmhin2a/testfile.c -o /opt/work/kvemu/build-femu/meson-private/tmpnpmhin2a/output.obj -c -D_FILE_OFFSET_BITS=64 -O0 -std=gnu11 

Code:
 
        #include <sys/random.h>
        int main(void) {
            /* If it's not defined as a macro, try to use as a symbol */
            #ifndef GRND_NONBLOCK
                GRND_NONBLOCK;
            #endif
            return 0;
        }
Compiler stdout:
 
Compiler stderr:
 
Header <sys/random.h> has symbol "GRND_NONBLOCK" : YES 
Running compile:
Working directory:  /opt/work/kvemu/build-femu/meson-private/tmpbv14nl2b
Command line:  cc -m64 -mcx16 /opt/work/kvemu/build-femu/meson-private/tmpbv14nl2b/testfile.c -o /opt/work/kvemu/build-femu/meson-private/tmpbv14nl2b/output.obj -c -D_FILE_OFFSET_BITS=64 -O0 -std=gnu11 

Code:
 
        #include <sys/inotify.h>
        int main(void) {
            /* If it's not defined as a macro, try to use as a symbol */
            #ifndef inotify_init
                inotify_init;
            #endif
            return 0;
        }
Compiler stdout:
 
Compiler stderr:
 
Header <sys/inotify.h> has symbol "inotify_init" : YES 
Running compile:
Working directory:  /opt/work/kvemu/build-femu/meson-private/tmpo8bhma73
Command line:  cc -m64 -mcx16 /opt/work/kvemu/build-femu/meson-private/tmpo8bhma73/testfile.c -o /opt/work/kvemu/build-femu/meson-private/tmpo8bhma73/output.obj -c -D_FILE_OFFSET_BITS=64 -O0 -std=gnu11 

Code:
 
        #include <sys/inotify.h>
        int main(void) {
            /* If it's not defined as a macro, try to use as a symbol */
            #ifndef inotify_init1
                inotify_init1;
            #endif
            return 0;
        }
Compiler stdout:
 
Compiler stderr:
 
Header <sys/inotify.h> has symbol "inotify_init1" : YES 
Running compile:
Working directory:  /opt/work/kvemu/build-femu/meson-private/tmpbfxdcgpa
Command line:  cc -m64 -mcx16 /opt/work/kvemu/build-femu/meson-private/tmpbfxdcgpa/testfile.c -o /opt/work/kvemu/build-femu/meson-private/tmpbfxdcgpa/output.obj -c -D_FILE_OFFSET_BITS=64 -O0 -std=gnu11 

Code:
 #include <sys/endian.h>
                                                     #include <sys/types.h>
        #include <machine/bswap.h>
        int main(void) {
            /* If it's not defined as a macro, try to use as a symbol */
            #ifndef bswap32
                bswap32;
            #endif
            return 0;
        }
Compiler stdout:
 
Compiler stderr:
 /opt/work/kvemu/build-femu/meson-private/tmpbfxdcgpa/testfile.c:1:10: fatal error: sys/endian.h: No such file or directory
    1 | #include <sys/endian.h>
      |          ^~~~~~~~~~~~~~
compilation terminated.

Header <machine/bswap.h> has symbol "bswap32" : NO 
Running compile:
Working directory:  /opt/work/kvemu/build-femu/meson-private/tmpsmps3x6d
Command line:  cc -m64 -mcx16 /opt/work/kvemu/build-femu/meson-private/tmpsmps3x6d/testfile.c -o /opt/work/kvemu/build-femu/meson-private/tmpsmps3x6d/output.obj -c -D_FILE_OFFSET_BITS=64 -O0 -std=gnu11 

Code:
 
        #include <sys/prctl.h>
        int main(void) {
            /* If it's not defined as a macro, try to use as a symbol */
            #ifndef PR_SET_TIMERSLACK
                PR_SET_TIMERSLACK;
            #endif
            return 0;
        }
Compiler stdout:
 
Compiler stderr:
 
Header <sys/prctl.h> has symbol "PR_SET_TIMERSLACK" : YES 
Running compile:
Working directory:  /opt/work/kvemu/build-femu/meson-private/tmp4jamde87
Command line:  cc -m64 -mcx16 /opt/work/kvemu/build-femu/meson-private/tmp4jamde87/testfile.c -o /opt/work/kvemu/build-femu/meson-private/tmp4jamde87/output.obj -c -D_FILE_OFFSET_BITS=64 -O0 -std=gnu11 

Code:
 
        #include <linux/rtnetlink.h>
        int main(void) {
            /* If it's not defined as a macro, try to use as a symbol */
            #ifndef IFLA_PROTO_DOWN
                IFLA_PROTO_DOWN;
            #endif
            return 0;
        }
Compiler stdout:
 
Compiler stderr:
 
Header <linux/rtnetlink.h> has symbol "IFLA_PROTO_DOWN" : YES 
Running compile:
Working directory:  /opt/work/kvemu/build-femu/meson-private/tmp46czpkt7
Command line:  cc -m64 -mcx16 /opt/work/kvemu/build-femu/meson-private/tmp46czpkt7/testfile.c -o /opt/work/kvemu/build-femu/meson-private/tmp46czpkt7/output.obj -c -D_FILE_OFFSET_BITS=64 -O0 -std=gnu11 

Code:
 
        #include <sys/sysmacros.h>
        int main(void) {
            /* If it's not defined as a macro, try to use as a symbol */
            #ifndef makedev
                makedev;
            #endif
            return 0;
        }
Compiler stdout:
 
Compiler stderr:
 
Header <sys/sysmacros.h> has symbol "makedev" : YES 
Running compile:
Working directory:  /opt/work/kvemu/build-femu/meson-private/tmpoksdovp_
Command line:  cc -m64 -mcx16 /opt/work/kvemu/build-femu/meson-private/tmpoksdovp_/testfile.c -o /opt/work/kvemu/build-femu/meson-private/tmpoksdovp_/output.obj -c -D_FILE_OFFSET_BITS=64 -O0 -std=gnu11 

Code:
 
        #include <getopt.h>
        int main(void) {
            /* If it's not defined as a macro, try to use as a symbol */
            #ifndef optreset
                optreset;
            #endif
            return 0;
        }
Compiler stdout:
 
Compiler stderr:
 /opt/work/kvemu/build-femu/meson-private/tmpoksdovp_/testfile.c: In function 'main':
/opt/work/kvemu/build-femu/meson-private/tmpoksdovp_/testfile.c:6:17: error: 'optreset' undeclared (first use in this function)
    6 |                 optreset;
      |                 ^~~~~~~~
/opt/work/kvemu/build-femu/meson-private/tmpoksdovp_/testfile.c:6:17: note: each undeclared identifier is reported only once for each function it appears in

Header <getopt.h> has symbol "optreset" : NO 
Running compile:
Working directory:  /opt/work/kvemu/build-femu/meson-private/tmp6uzbvkhc
Command line:  cc -m64 -mcx16 /opt/work/kvemu/build-femu/meson-private/tmp6uzbvkhc/testfile.c -o /opt/work/kvemu/build-femu/meson-private/tmp6uzbvkhc/output.obj -c -D_FILE_OFFSET_BITS=64 -O0 -std=gnu11 

Code:
 
        #include <netinet/in.h>
        int main(void) {
            /* If it's not defined as a macro, try to use as a symbol */
            #ifndef IPPROTO_MPTCP
                IPPROTO_MPTCP;
            #endif
            return 0;
        }
Compiler stdout:
 
Compiler stderr:
 
Header <netinet/in.h> has symbol "IPPROTO_MPTCP" : YES 
Running compile:
Working directory:  /opt/work/kvemu/build-femu/meson-private/tmples7h9da
Command line:  cc -m64 -mcx16 /opt/work/kvemu/build-femu/meson-private/tmples7h9da/testfile.c -o /opt/work/kvemu/build-femu/meson-private/tmples7h9da/output.obj -c -D_FILE_OFFSET_BITS=64 -O0 -std=gnu11 

Code:
 #include <signal.h>
        void bar(void) {
            struct sigevent foo;
            foo.sigev_notify_thread_id;

        };
Compiler stdout:
 
Compiler stderr:
 /opt/work/kvemu/build-femu/meson-private/tmples7h9da/testfile.c: In function 'bar':
/opt/work/kvemu/build-femu/meson-private/tmples7h9da/testfile.c:4:16: error: 'struct sigevent' has no member named 'sigev_notify_thread_id'
    4 |             foo.sigev_notify_thread_id;
      |                ^

Checking whether type "struct sigevent" has member "sigev_notify_thread_id" : NO 
Running compile:
Working directory:  /opt/work/kvemu/build-femu/meson-private/tmp0v5nrzsd
Command line:  cc -m64 -mcx16 /opt/work/kvemu/build-femu/meson-private/tmp0v5nrzsd/testfile.c -o /opt/work/kvemu/build-femu/meson-private/tmp0v5nrzsd/output.obj -c -D_FILE_OFFSET_BITS=64 -O0 -std=gnu11 

Code:
 #include <sys/stat.h>
        void bar(void) {
            struct stat foo;
            foo.st_atim;

        };
Compiler stdout:
 
Compiler stderr:
 
Checking whether type "struct stat" has member "st_atim" : YES 
Running compile:
Working directory:  /opt/work/kvemu/build-femu/meson-private/tmpt64_y7a7
Command line:  cc -m64 -mcx16 /opt/work/kvemu/build-femu/meson-private/tmpt64_y7a7/testfile.c -o /opt/work/kvemu/build-femu/meson-private/tmpt64_y7a7/output.obj -c -D_FILE_OFFSET_BITS=64 -O0 -std=gnu11 

Code:
 #include <sys/uio.h>
        void bar(void) {
            sizeof(struct iovec);
        };
Compiler stdout:
 
Compiler stderr:
 
Checking for type "struct iovec" : YES 
Running compile:
Working directory:  /opt/work/kvemu/build-femu/meson-private/tmpo45weyen
Command line:  cc -m64 -mcx16 /opt/work/kvemu/build-femu/meson-private/tmpo45weyen/testfile.c -o /opt/work/kvemu/build-femu/meson-private/tmpo45weyen/output.obj -c -D_FILE_OFFSET_BITS=64 -O0 -std=gnu11 

Code:
 #include <utmpx.h>
        void bar(void) {
            sizeof(struct utmpx);
        };
Compiler stdout:
 
Compiler stderr:
 
Checking for type "struct utmpx" : YES 
Running compile:
Working directory:  /opt/work/kvemu/build-femu/meson-private/tmp19f4k9gz
Command line:  cc -m64 -mcx16 /opt/work/kvemu/build-femu/meson-private/tmp19f4k9gz/testfile.c -o /opt/work/kvemu/build-femu/meson-private/tmp19f4k9gz/output.exe -D_FILE_OFFSET_BITS=64 -O0 -std=gnu11 

Code:
 
  #include <sys/eventfd.h>
  int main(void) { return eventfd(0, EFD_NONBLOCK | EFD_CLOEXEC); }
Compiler stdout:
 
Compiler stderr:
 
Running compile:
Working directory:  /opt/work/kvemu/build-femu/meson-private/tmplrtrtcij
Command line:  cc -m64 -mcx16 /opt/work/kvemu/build-femu/meson-private/tmplrtrtcij/testfile.c -o /opt/work/kvemu/build-femu/meson-private/tmplrtrtcij/output.exe -D_FILE_OFFSET_BITS=64 -O0 -std=gnu11 

Code:
 
  #ifndef _GNU_SOURCE
  #define _GNU_SOURCE
  #endif

  #include <unistd.h>
  int main(void) {
  #if defined(_POSIX_SYNCHRONIZED_IO) && _POSIX_SYNCHRONIZED_IO > 0
  return fdatasync(0);
  #else
  #error Not supported
  #endif
  }
Compiler stdout:
 
Compiler stderr:
 
Running compile:
Working directory:  /opt/work/kvemu/build-femu/meson-private/tmpvlv4ohbi
Command line:  cc -m64 -mcx16 /opt/work/kvemu/build-femu/meson-private/tmpvlv4ohbi/testfile.c -o /opt/work/kvemu/build-femu/meson-private/tmpvlv4ohbi/output.exe -D_FILE_OFFSET_BITS=64 -O0 -std=gnu11 

Code:
 
  #ifndef _GNU_SOURCE
  #define _GNU_SOURCE
  #endif

  #include <sys/types.h>
  #include <sys/mman.h>
  #include <stddef.h>
  int main(void) { return madvise(NULL, 0, MADV_DONTNEED); }
Compiler stdout:
 
Compiler stderr:
 
Running compile:
Working directory:  /opt/work/kvemu/build-femu/meson-private/tmpnqb47egs
Command line:  cc -m64 -mcx16 /opt/work/kvemu/build-femu/meson-private/tmpnqb47egs/testfile.c -o /opt/work/kvemu/build-femu/meson-private/tmpnqb47egs/output.exe -D_FILE_OFFSET_BITS=64 -O0 -std=gnu11 

Code:
 
  #ifndef _GNU_SOURCE
  #define _GNU_SOURCE
  #endif

    #include <sys/types.h>
    #include <sys/mman.h>
    #include <stddef.h>
    extern int madvise(int);
    int main(void) { return madvise(0); }
Compiler stdout:
 
Compiler stderr:
 /opt/work/kvemu/build-femu/meson-private/tmpnqb47egs/testfile.c:9:16: error: conflicting types for 'madvise'; have 'int(int)'
    9 |     extern int madvise(int);
      |                ^~~~~~~
In file included from /opt/work/kvemu/build-femu/meson-private/tmpnqb47egs/testfile.c:7:
/usr/include/x86_64-linux-gnu/sys/mman.h:94:12: note: previous declaration of 'madvise' with type 'int(void *, size_t,  int)' {aka 'int(void *, long unsigned int,  int)'}
   94 | extern int madvise (void *__addr, size_t __len, int __advice) __THROW;
      |            ^~~~~~~

Running compile:
Working directory:  /opt/work/kvemu/build-femu/meson-private/tmp7trpu2hl
Command line:  cc -m64 -mcx16 /opt/work/kvemu/build-femu/meson-private/tmp7trpu2hl/testfile.c -o /opt/work/kvemu/build-femu/meson-private/tmp7trpu2hl/output.exe -D_FILE_OFFSET_BITS=64 -O0 -std=gnu11 

Code:
 
  #ifndef _GNU_SOURCE
  #define _GNU_SOURCE
  #endif

  #include <sys/mman.h>
  int main(void) { return memfd_create("foo", MFD_ALLOW_SEALING); }
Compiler stdout:
 
Compiler stderr:
 
Running compile:
Working directory:  /opt/work/kvemu/build-femu/meson-private/tmpqi7656s6
Command line:  cc -m64 -mcx16 /opt/work/kvemu/build-femu/meson-private/tmpqi7656s6/testfile.c -o /opt/work/kvemu/build-femu/meson-private/tmpqi7656s6/output.exe -D_FILE_OFFSET_BITS=64 -O0 -std=gnu11 

Code:
 
  #ifndef _GNU_SOURCE
  #define _GNU_SOURCE
  #endif

  #include <fcntl.h>
  #if !defined(AT_EMPTY_PATH)
  # error missing definition
  #else
  int main(void) { struct file_handle fh; return open_by_handle_at(0, &fh, 0); }
  #endif
Compiler stdout:
 
Compiler stderr:
 
Running compile:
Working directory:  /opt/work/kvemu/build-femu/meson-private/tmpkcsf2hog
Command line:  cc -m64 -mcx16 /opt/work/kvemu/build-femu/meson-private/tmpkcsf2hog/testfile.c -o /opt/work/kvemu/build-femu/meson-private/tmpkcsf2hog/output.exe -D_FILE_OFFSET_BITS=64 -O0 -std=gnu11 

Code:
 
  #ifndef _GNU_SOURCE
  #define _GNU_SOURCE
  #endif

  #include <unistd.h>
  #include <fcntl.h>

  int main(void)
  {
      int pipefd[2];
      return pipe2(pipefd, O_CLOEXEC);
  }
Compiler stdout:
 
Compiler stderr:
 
Running compile:
Working directory:  /opt/work/kvemu/build-femu/meson-private/tmp9_ckx9m7
Command line:  cc -m64 -mcx16 /opt/work/kvemu/build-femu/meson-private/tmp9_ckx9m7/testfile.c -o /opt/work/kvemu/build-femu/meson-private/tmp9_ckx9m7/output.exe -D_FILE_OFFSET_BITS=64 -O0 -std=gnu11 

Code:
 
  #ifndef _GNU_SOURCE
  #define _GNU_SOURCE
  #endif

  #include <sys/mman.h>
  #include <stddef.h>
  int main(void) { return posix_madvise(NULL, 0, POSIX_MADV_DONTNEED); }
Compiler stdout:
 
Compiler stderr:
 
Running compile:
Working directory:  /opt/work/kvemu/build-femu/meson-private/tmp6uhxqv9o
Command line:  cc -m64 -mcx16 /opt/work/kvemu/build-femu/meson-private/tmp6uhxqv9o/testfile.c -o /opt/work/kvemu/build-femu/meson-private/tmp6uhxqv9o/output.exe -pthread -D_FILE_OFFSET_BITS=64 -O0 -std=gnu11 

Code:
 
  #ifndef _GNU_SOURCE
  #define _GNU_SOURCE
  #endif

  #include <pthread.h>

  static void *f(void *p) { return NULL; }
  int main(void)
  {
    pthread_t thread;
    pthread_create(&thread, 0, f, 0);
    pthread_setname_np(thread, "QEMU");
    return 0;
  }
Compiler stdout:
 
Compiler stderr:
 
Running compile:
Working directory:  /opt/work/kvemu/build-femu/meson-private/tmprc8qp2j8
Command line:  cc -m64 -mcx16 /opt/work/kvemu/build-femu/meson-private/tmprc8qp2j8/testfile.c -o /opt/work/kvemu/build-femu/meson-private/tmprc8qp2j8/output.exe -pthread -D_FILE_OFFSET_BITS=64 -O0 -std=gnu11 

Code:
 
  #ifndef _GNU_SOURCE
  #define _GNU_SOURCE
  #endif

  #include <pthread.h>

  static void *f(void *p) { pthread_setname_np("QEMU"); return NULL; }
  int main(void)
  {
    pthread_t thread;
    pthread_create(&thread, 0, f, 0);
    return 0;
  }
Compiler stdout:
 
Compiler stderr:
 /opt/work/kvemu/build-femu/meson-private/tmprc8qp2j8/testfile.c: In function 'f':
/opt/work/kvemu/build-femu/meson-private/tmprc8qp2j8/testfile.c:8:48: warning: passing argument 1 of 'pthread_setname_np' makes integer from pointer without a cast [-Wint-conversion]
    8 |   static void *f(void *p) { pthread_setname_np("QEMU"); return NULL; }
      |                                                ^~~~~~
      |                                                |
      |                                                char *
In file included from /opt/work/kvemu/build-femu/meson-private/tmprc8qp2j8/testfile.c:6:
/usr/include/pthread.h:463:42: note: expected 'pthread_t' {aka 'long unsigned int'} but argument is of type 'char *'
  463 | extern int pthread_setname_np (pthread_t __target_thread, const char *__name)
      |                                ~~~~~~~~~~^~~~~~~~~~~~~~~
/opt/work/kvemu/build-femu/meson-private/tmprc8qp2j8/testfile.c:8:29: error: too few arguments to function 'pthread_setname_np'
    8 |   static void *f(void *p) { pthread_setname_np("QEMU"); return NULL; }
      |                             ^~~~~~~~~~~~~~~~~~
In file included from /opt/work/kvemu/build-femu/meson-private/tmprc8qp2j8/testfile.c:6:
/usr/include/pthread.h:463:12: note: declared here
  463 | extern int pthread_setname_np (pthread_t __target_thread, const char *__name)
      |            ^~~~~~~~~~~~~~~~~~

Running compile:
Working directory:  /opt/work/kvemu/build-femu/meson-private/tmp614omnh8
Command line:  cc -m64 -mcx16 /opt/work/kvemu/build-femu/meson-private/tmp614omnh8/testfile.c -o /opt/work/kvemu/build-femu/meson-private/tmp614omnh8/output.exe -D_FILE_OFFSET_BITS=64 -O0 -std=gnu11 

Code:
 
  #ifndef _GNU_SOURCE
  #define _GNU_SOURCE
  #endif

  #include <sys/signalfd.h>
  #include <stddef.h>
  int main(void) { return signalfd(-1, NULL, SFD_CLOEXEC); }
Compiler stdout:
 
Compiler stderr:
 /opt/work/kvemu/build-femu/meson-private/tmp614omnh8/testfile.c: In function 'main':
/opt/work/kvemu/build-femu/meson-private/tmp614omnh8/testfile.c:8:27: warning: argument 2 null where non-null expected [-Wnonnull]
    8 |   int main(void) { return signalfd(-1, NULL, SFD_CLOEXEC); }
      |                           ^~~~~~~~
In file included from /opt/work/kvemu/build-femu/meson-private/tmp614omnh8/testfile.c:6:
/usr/include/x86_64-linux-gnu/sys/signalfd.h:57:12: note: in a call to function 'signalfd' declared 'nonnull'
   57 | extern int signalfd (int __fd, const sigset_t *__mask, int __flags)
      |            ^~~~~~~~

Running compile:
Working directory:  /opt/work/kvemu/build-femu/meson-private/tmpvnd2gpy2
Command line:  cc -m64 -mcx16 /opt/work/kvemu/build-femu/meson-private/tmpvnd2gpy2/testfile.c -o /opt/work/kvemu/build-femu/meson-private/tmpvnd2gpy2/output.exe -D_FILE_OFFSET_BITS=64 -O0 -std=gnu11 

Code:
 
  #ifndef _GNU_SOURCE
  #define _GNU_SOURCE
  #endif

  #include <unistd.h>
  #include <fcntl.h>
  #include <limits.h>

  int main(void)
  {
    int len, fd = 0;
    len = tee(STDIN_FILENO, STDOUT_FILENO, INT_MAX, SPLICE_F_NONBLOCK);
    splice(STDIN_FILENO, NULL, fd, NULL, len, SPLICE_F_MOVE);
    return 0;
  }
Compiler stdout:
 
Compiler stderr:
 
Running compile:
Working directory:  /opt/work/kvemu/build-femu/meson-private/tmpz1kajhy6
Command line:  cc -m64 -mcx16 /opt/work/kvemu/build-femu/meson-private/tmpz1kajhy6/testfile.c -o /opt/work/kvemu/build-femu/meson-private/tmpz1kajhy6/output.exe -D_FILE_OFFSET_BITS=64 -O0 -std=gnu11 

Code:
 
  #ifndef _GNU_SOURCE
  #define _GNU_SOURCE
  #endif

  #include <sys/mman.h>
  int main(int argc, char *argv[]) {
    return mlockall(MCL_FUTURE);
  }
Compiler stdout:
 
Compiler stderr:
 
Running compile:
Working directory:  /opt/work/kvemu/build-femu/meson-private/tmpffk51yg0
Command line:  cc -m64 -mcx16 /opt/work/kvemu/build-femu/meson-private/tmpffk51yg0/testfile.c -o /opt/work/kvemu/build-femu/meson-private/tmpffk51yg0/output.obj -c -D_FILE_OFFSET_BITS=64 -O0 -std=gnu11 

Code:
 
  #ifndef _GNU_SOURCE
  #define _GNU_SOURCE
  #endif

      #include <sys/socket.h>
      #include <linux/ip.h>
        void bar(void) {
            sizeof(struct mmsghdr);
        };
Compiler stdout:
 
Compiler stderr:
 
Checking for type "struct mmsghdr" : YES 
Running compile:
Working directory:  /opt/work/kvemu/build-femu/meson-private/tmp3pdjy4t_
Command line:  cc -m64 -mcx16 /opt/work/kvemu/build-femu/meson-private/tmp3pdjy4t_/testfile.c -o /opt/work/kvemu/build-femu/meson-private/tmp3pdjy4t_/output.obj -c -D_FILE_OFFSET_BITS=64 -O0 -std=gnu11 

Code:
 
    #include <inttypes.h>
    #include <net/if.h>
    #include <net/netmap.h>
    #include <net/netmap_user.h>
    #if (NETMAP_API < 11) || (NETMAP_API > 15)
    #error
    #endif
    int main(void) { return 0; }
Compiler stdout:
 
Compiler stderr:
 /opt/work/kvemu/build-femu/meson-private/tmp3pdjy4t_/testfile.c:4:14: fatal error: net/netmap.h: No such file or directory
    4 |     #include <net/netmap.h>
      |              ^~~~~~~~~~~~~~
compilation terminated.

Running compile:
Working directory:  /opt/work/kvemu/build-femu/meson-private/tmp8b6semal
Command line:  cc -m64 -mcx16 /opt/work/kvemu/build-femu/meson-private/tmp8b6semal/testfile.c -o /opt/work/kvemu/build-femu/meson-private/tmp8b6semal/output.exe -D_FILE_OFFSET_BITS=64 -O0 -std=gnu11 

Code:
 
  #include <linux/fs.h>
  struct fsxattr foo;
  int main(void) {
    return 0;
  }
Compiler stdout:
 
Compiler stderr:
 
Running compile:
Working directory:  /opt/work/kvemu/build-femu/meson-private/tmptnqmdxx7
Command line:  cc -m64 -mcx16 /opt/work/kvemu/build-femu/meson-private/tmptnqmdxx7/testfile.c -o /opt/work/kvemu/build-femu/meson-private/tmptnqmdxx7/output.obj -c -D_FILE_OFFSET_BITS=64 -O0 -std=gnu11 -Werror 

Code:
 
    #include <stdint.h>
    #include <stdio.h>
    int main(int argc, char *argv[]) {
        return printf("%zu", SIZE_MAX);
    }
Compiler stdout:
 
Compiler stderr:
 
Running compile:
Working directory:  /opt/work/kvemu/build-femu/meson-private/tmp16lsrgn1
Command line:  cc -m64 -mcx16 /opt/work/kvemu/build-femu/meson-private/tmp16lsrgn1/testfile.c -o /opt/work/kvemu/build-femu/meson-private/tmp16lsrgn1/output.exe -D_FILE_OFFSET_BITS=64 -O0 -std=gnu11 

Code:
 
  #include <stdint.h>
  int main(void)
  {
    uint64_t x = 0, y = 0;
    y = __atomic_load_n(&x, __ATOMIC_RELAXED);
    __atomic_store_n(&x, y, __ATOMIC_RELAXED);
    __atomic_compare_exchange_n(&x, &y, x, 0, __ATOMIC_RELAXED, __ATOMIC_RELAXED);
    __atomic_exchange_n(&x, y, __ATOMIC_RELAXED);
    __atomic_fetch_add(&x, y, __ATOMIC_RELAXED);
    return 0;
  }
Compiler stdout:
 
Compiler stderr:
 
Running compile:
Working directory:  /opt/work/kvemu/build-femu/meson-private/tmpmenqtbl6
Command line:  cc -m64 -mcx16 /opt/work/kvemu/build-femu/meson-private/tmpmenqtbl6/testfile.c -o /opt/work/kvemu/build-femu/meson-private/tmpmenqtbl6/output.exe -D_FILE_OFFSET_BITS=64 -O0 -std=gnu11 

Code:
 
  __int128_t a;
  __uint128_t b;
  int main (void) {
    a = a + b;
    b = a * b;
    a = a * a;
    return 0;
  }
Compiler stdout:
 
Compiler stderr:
 
Running compile:
Working directory:  /opt/work/kvemu/build-femu/meson-private/tmpc6wlfn6x
Command line:  cc -m64 -mcx16 /opt/work/kvemu/build-femu/meson-private/tmpc6wlfn6x/testfile.c -o /opt/work/kvemu/build-femu/meson-private/tmpc6wlfn6x/output.exe -D_FILE_OFFSET_BITS=64 -O0 -std=gnu11 

Code:
 
  #include <stdint.h>
  int main(void)
  {
    unsigned __int128 x = 0, y = 0;
    y = __atomic_load_n(&x, __ATOMIC_RELAXED);
    __atomic_store_n(&x, y, __ATOMIC_RELAXED);
    __atomic_compare_exchange_n(&x, &y, x, 0, __ATOMIC_RELAXED, __ATOMIC_RELAXED);
    __atomic_exchange_n(&x, y, __ATOMIC_RELAXED);
    __atomic_fetch_add(&x, y, __ATOMIC_RELAXED);
    return 0;
  }
Compiler stdout:
 
Compiler stderr:
 /usr/bin/ld: /tmp/ccqKCBNK.o: in function `main':
testfile.c:(.text+0x49): undefined reference to `__atomic_load_16'
/usr/bin/ld: testfile.c:(.text+0x73): undefined reference to `__atomic_store_16'
/usr/bin/ld: testfile.c:(.text+0x9a): undefined reference to `__atomic_compare_exchange_16'
/usr/bin/ld: testfile.c:(.text+0xbc): undefined reference to `__atomic_exchange_16'
/usr/bin/ld: testfile.c:(.text+0xde): undefined reference to `__atomic_fetch_add_16'
collect2: error: ld returned 1 exit status

Running compile:
Working directory:  /opt/work/kvemu/build-femu/meson-private/tmpe1y38dd5
Command line:  cc -m64 -mcx16 /opt/work/kvemu/build-femu/meson-private/tmpe1y38dd5/testfile.c -o /opt/work/kvemu/build-femu/meson-private/tmpe1y38dd5/output.exe -D_FILE_OFFSET_BITS=64 -O0 -std=gnu11 

Code:
 
      int main(void)
      {
        unsigned __int128 x = 0, y = 0;
        __sync_val_compare_and_swap_16(&x, y, x);
        return 0;
      }
    
Compiler stdout:
 
Compiler stderr:
 
Running compile:
Working directory:  /opt/work/kvemu/build-femu/meson-private/tmphbdxqgxd
Command line:  cc -m64 -mcx16 /opt/work/kvemu/build-femu/meson-private/tmphbdxqgxd/testfile.c -o /opt/work/kvemu/build-femu/meson-private/tmphbdxqgxd/output.exe -D_FILE_OFFSET_BITS=64 -O0 -std=gnu11 

Code:
 
  #ifndef _GNU_SOURCE
  #define _GNU_SOURCE
  #endif

  #include <sys/auxv.h>
  int main(void) {
    return getauxval(AT_HWCAP) == 0;
  }
Compiler stdout:
 
Compiler stderr:
 
Running compile:
Working directory:  /opt/work/kvemu/build-femu/meson-private/tmpjqopn2e8
Command line:  cc -m64 -mcx16 /opt/work/kvemu/build-femu/meson-private/tmpjqopn2e8/testfile.c -o /opt/work/kvemu/build-femu/meson-private/tmpjqopn2e8/output.exe -D_FILE_OFFSET_BITS=64 -O0 -std=gnu11 

Code:
 
  #include <cpuid.h>
  int main(void) {
    unsigned a, b, c, d;
    unsigned max = __get_cpuid_max(0, 0);

    if (max >= 1) {
        __cpuid(1, a, b, c, d);
    }

    if (max >= 7) {
        __cpuid_count(7, 0, a, b, c, d);
    }

    return 0;
  }
Compiler stdout:
 
Compiler stderr:
 
Running compile:
Working directory:  /opt/work/kvemu/build-femu/meson-private/tmppj_yqe6q
Command line:  cc -m64 -mcx16 /opt/work/kvemu/build-femu/meson-private/tmppj_yqe6q/testfile.c -o /opt/work/kvemu/build-femu/meson-private/tmppj_yqe6q/output.exe -D_FILE_OFFSET_BITS=64 -O0 -std=gnu11 

Code:
 
    #pragma GCC push_options
    #pragma GCC target("avx2")
    #include <cpuid.h>
    #include <immintrin.h>
    static int bar(void *a) {
      __m256i x = *(__m256i *)a;
      return _mm256_testz_si256(x, x);
    }
    int main(int argc, char *argv[]) { return bar(argv[0]); }
  
Compiler stdout:
 
Compiler stderr:
 
Running compile:
Working directory:  /opt/work/kvemu/build-femu/meson-private/tmppx4hnv21
Command line:  cc -m64 -mcx16 /opt/work/kvemu/build-femu/meson-private/tmppx4hnv21/testfile.c -o /opt/work/kvemu/build-femu/meson-private/tmppx4hnv21/output.exe -D_FILE_OFFSET_BITS=64 -O0 -std=gnu11 

Code:
 
    #pragma GCC push_options
    #pragma GCC target("avx512f")
    #include <cpuid.h>
    #include <immintrin.h>
    static int bar(void *a) {
      __m512i x = *(__m512i *)a;
      return _mm512_test_epi64_mask(x, x);
    }
    int main(int argc, char *argv[]) { return bar(argv[0]); }
  
Compiler stdout:
 
Compiler stderr:
 
Running compile:
Working directory:  /opt/work/kvemu/build-femu/meson-private/tmppyus_9ea
Command line:  cc -m64 -mcx16 /opt/work/kvemu/build-femu/meson-private/tmppyus_9ea/testfile.c -o /opt/work/kvemu/build-femu/meson-private/tmppyus_9ea/output.obj -c -D_FILE_OFFSET_BITS=64 -O0 -std=gnu11 

Code:
 
  #ifndef _GNU_SOURCE
  #define _GNU_SOURCE
  #endif

    #include <errno.h>
    #include <sys/types.h>
    #include <sys/socket.h>
    #include <linux/if_alg.h>
    int main(void) {
      int sock;
      sock = socket(AF_ALG, SOCK_SEQPACKET, 0);
      return sock;
    }
  
Compiler stdout:
 
Compiler stderr:
 
Running compile:
Working directory:  /opt/work/kvemu/build-femu/meson-private/tmppbvl4osp
Command line:  cc -m64 -mcx16 /opt/work/kvemu/build-femu/meson-private/tmppbvl4osp/testfile.c -o /opt/work/kvemu/build-femu/meson-private/tmppbvl4osp/output.obj -c -D_FILE_OFFSET_BITS=64 -O0 -std=gnu11 

Code:
 
  #ifndef _GNU_SOURCE
  #define _GNU_SOURCE
  #endif

  #include <errno.h>
  #include <sys/types.h>
  #include <sys/socket.h>
  #if !defined(AF_VSOCK)
  # error missing AF_VSOCK flag
  #endif
  #include <linux/vm_sockets.h>
  int main(void) {
    int sock, ret;
    struct sockaddr_vm svm;
    socklen_t len = sizeof(svm);
    sock = socket(AF_VSOCK, SOCK_STREAM, 0);
    ret = getpeername(sock, (struct sockaddr *)&svm, &len);
    if ((ret == -1) && (errno == ENOTCONN)) {
        return 0;
    }
    return -1;
  }
Compiler stdout:
 
Compiler stderr:
 
Program scripts/minikconf.py found: YES (/opt/work/kvemu/scripts/minikconf.py)
Configuring x86_64-softmmu-config-target.h using configuration
Configuring x86_64-softmmu-config-devices.mak with command
Running command: /opt/work/kvemu/scripts/minikconf.py --defconfig x86_64-softmmu-config-devices.mak /opt/work/kvemu/build-femu/meson-private/x86_64-softmmu-config-devices.mak.d /opt/work/kvemu/configs/devices/x86_64-softmmu/default.mak /opt/work/kvemu/Kconfig CONFIG_TPM=y CONFIG_IVSHMEM=y CONFIG_VHOST_USER=y CONFIG_VHOST_VDPA=y CONFIG_VHOST_KERNEL=y CONFIG_LINUX=y CONFIG_MULTIPROCESS_ALLOWED=y CONFIG_KVM=y CONFIG_TCG=y CONFIG_X86_64=y
--- stdout ---
CONFIG_AC97=y
CONFIG_ACPI=y
CONFIG_ACPI_CPU_HOTPLUG=y
CONFIG_ACPI_ERST=y
CONFIG_ACPI_HMAT=y
CONFIG_ACPI_HW_REDUCED=y
CONFIG_ACPI_MEMORY_HOTPLUG=y
CONFIG_ACPI_NVDIMM=y
CONFIG_ACPI_PCI=y
CONFIG_ACPI_PCIHP=y
CONFIG_ACPI_PIIX4=y
CONFIG_ACPI_SMBUS=y
CONFIG_ACPI_VIOT=y
CONFIG_ACPI_VMGENID=y
CONFIG_ACPI_X86=y
CONFIG_ACPI_X86_ICH=y
CONFIG_ADLIB=y
CONFIG_AHCI=y
CONFIG_AHCI_ICH9=y
CONFIG_AMD_IOMMU=y
CONFIG_APIC=y
CONFIG_APM=y
CONFIG_APPLESMC=y
CONFIG_ATI_VGA=y
CONFIG_BITBANG_I2C=y
CONFIG_BOCHS_DISPLAY=y
CONFIG_CAN_BUS=y
CONFIG_CAN_CTUCANFD=y
CONFIG_CAN_CTUCANFD_PCI=y
CONFIG_CAN_PCI=y
CONFIG_CAN_SJA1000=y
CONFIG_CS4231A=y
CONFIG_DDC=y
CONFIG_DIMM=y
CONFIG_E1000E_PCI_EXPRESS=y
CONFIG_E1000_PCI=y
CONFIG_EDID=y
CONFIG_EDU=y
CONFIG_EEPRO100_PCI=y
CONFIG_ES1370=y
CONFIG_ESP=y
CONFIG_ESP_PCI=y
CONFIG_FDC=y
CONFIG_FDC_ISA=y
CONFIG_FEMU_PCI=y
CONFIG_FW_CFG_DMA=y
CONFIG_GENERIC_LOADER=y
CONFIG_GUEST_LOADER=y
CONFIG_GUS=y
CONFIG_HDA=y
CONFIG_HPET=y
CONFIG_HYPERV=y
CONFIG_HYPERV_TESTDEV=y
CONFIG_I2C=y
CONFIG_I440FX=y
CONFIG_I8254=y
CONFIG_I8257=y
CONFIG_I8259=y
CONFIG_I82801B11=y
CONFIG_IDE_CORE=y
CONFIG_IDE_ISA=y
CONFIG_IDE_PCI=y
CONFIG_IDE_PIIX=y
CONFIG_IDE_QDEV=y
CONFIG_IMX_USBPHY=y
CONFIG_IOAPIC=y
CONFIG_IOH3420=y
CONFIG_IPACK=y
CONFIG_IPMI=y
CONFIG_IPMI_EXTERN=y
CONFIG_IPMI_LOCAL=y
CONFIG_IPMI_SSIF=y
CONFIG_ISAPC=y
CONFIG_ISA_BUS=y
CONFIG_ISA_DEBUG=y
CONFIG_ISA_IPMI_BT=y
CONFIG_ISA_IPMI_KCS=y
CONFIG_ISA_TESTDEV=y
CONFIG_IVSHMEM_DEVICE=y
CONFIG_LPC_ICH9=y
CONFIG_LSI_SCSI_PCI=y
CONFIG_MC146818RTC=y
CONFIG_MEGASAS_SCSI_PCI=y
CONFIG_MEM_DEVICE=y
CONFIG_MICROVM=y
CONFIG_MPTSAS_SCSI_PCI=y
CONFIG_MSI_NONBROKEN=y
CONFIG_MULTIPROCESS=y
CONFIG_NE2000_COMMON=y
CONFIG_NE2000_ISA=y
CONFIG_NE2000_PCI=y
CONFIG_NMC93XX_EEPROM=y
CONFIG_NVDIMM=y
CONFIG_NVME_PCI=y
CONFIG_PAM=y
CONFIG_PARALLEL=y
CONFIG_PC=y
CONFIG_PCI=y
CONFIG_PCIE_PORT=y
CONFIG_PCI_DEVICES=y
CONFIG_PCI_EXPRESS=y
CONFIG_PCI_EXPRESS_GENERIC_BRIDGE=y
CONFIG_PCI_EXPRESS_Q35=y
CONFIG_PCI_I440FX=y
CONFIG_PCI_IPMI_BT=y
CONFIG_PCI_IPMI_KCS=y
CONFIG_PCI_TESTDEV=y
CONFIG_PCKBD=y
CONFIG_PCNET_COMMON=y
CONFIG_PCNET_PCI=y
CONFIG_PCSPK=y
CONFIG_PC_ACPI=y
CONFIG_PC_PCI=y
CONFIG_PFLASH_CFI01=y
CONFIG_PIIX3=y
CONFIG_PS2=y
CONFIG_PVPANIC_COMMON=y
CONFIG_PVPANIC_ISA=y
CONFIG_PVPANIC_PCI=y
CONFIG_PXB=y
CONFIG_Q35=y
CONFIG_REMOTE_PCIHOST=y
CONFIG_ROCKER=y
CONFIG_RTL8139_PCI=y
CONFIG_SB16=y
CONFIG_SCSI=y
CONFIG_SD=y
CONFIG_SDHCI=y
CONFIG_SDHCI_PCI=y
CONFIG_SERIAL=y
CONFIG_SERIAL_ISA=y
CONFIG_SERIAL_PCI=y
CONFIG_SERIAL_PCI_MULTI=y
CONFIG_SEV=y
CONFIG_SGA=y
CONFIG_SGX=y
CONFIG_SMBIOS=y
CONFIG_SMBUS=y
CONFIG_SMBUS_EEPROM=y
CONFIG_TEST_DEVICES=y
CONFIG_TPM_BACKEND=y
CONFIG_TPM_CRB=y
CONFIG_TPM_EMULATOR=y
CONFIG_TPM_PASSTHROUGH=y
CONFIG_TPM_TIS=y
CONFIG_TPM_TIS_ISA=y
CONFIG_TULIP=y
CONFIG_USB=y
CONFIG_USB_AUDIO=y
CONFIG_USB_EHCI=y
CONFIG_USB_EHCI_PCI=y
CONFIG_USB_NETWORK=y
CONFIG_USB_OHCI=y
CONFIG_USB_OHCI_PCI=y
CONFIG_USB_SERIAL=y
CONFIG_USB_SMARTCARD=y
CONFIG_USB_STORAGE_BOT=y
CONFIG_USB_STORAGE_CLASSIC=y
CONFIG_USB_STORAGE_CORE=y
CONFIG_USB_STORAGE_MTP=y
CONFIG_USB_STORAGE_UAS=y
CONFIG_USB_TABLET_WACOM=y
CONFIG_USB_U2F=y
CONFIG_USB_UHCI=y
CONFIG_USB_XHCI=y
CONFIG_USB_XHCI_NEC=y
CONFIG_USB_XHCI_PCI=y
CONFIG_USB_XHCI_SYSBUS=y
CONFIG_VFIO=y
CONFIG_VFIO_IGD=y
CONFIG_VFIO_PCI=y
CONFIG_VGA=y
CONFIG_VGA_CIRRUS=y
CONFIG_VGA_ISA=y
CONFIG_VGA_PCI=y
CONFIG_VHOST=y
CONFIG_VHOST_USER_BLK=y
CONFIG_VHOST_USER_GPU=y
CONFIG_VHOST_USER_I2C=y
CONFIG_VHOST_USER_INPUT=y
CONFIG_VHOST_USER_RNG=y
CONFIG_VHOST_USER_SCSI=y
CONFIG_VHOST_USER_VGA=y
CONFIG_VIRTIO=y
CONFIG_VIRTIO_BALLOON=y
CONFIG_VIRTIO_BLK=y
CONFIG_VIRTIO_CRYPTO=y
CONFIG_VIRTIO_GPU=y
CONFIG_VIRTIO_INPUT=y
CONFIG_VIRTIO_INPUT_HOST=y
CONFIG_VIRTIO_IOMMU=y
CONFIG_VIRTIO_MEM=y
CONFIG_VIRTIO_MEM_SUPPORTED=y
CONFIG_VIRTIO_MMIO=y
CONFIG_VIRTIO_NET=y
CONFIG_VIRTIO_PCI=y
CONFIG_VIRTIO_PMEM=y
CONFIG_VIRTIO_PMEM_SUPPORTED=y
CONFIG_VIRTIO_RNG=y
CONFIG_VIRTIO_SCSI=y
CONFIG_VIRTIO_SERIAL=y
CONFIG_VIRTIO_VGA=y
CONFIG_VMBUS=y
CONFIG_VMMOUSE=y
CONFIG_VMPORT=y
CONFIG_VMWARE_VGA=y
CONFIG_VMW_PVSCSI_SCSI_PCI=y
CONFIG_VMXNET3_PCI=y
CONFIG_VTD=y
CONFIG_WDT_IB6300ESB=y
CONFIG_WDT_IB700=y
CONFIG_X86_FW_OVMF=y
CONFIG_X86_IOMMU=y
CONFIG_XIO3130=y

--- stderr ---


Reading depfile: /opt/work/kvemu/build-femu/meson-private/x86_64-softmmu-config-devices.mak.d
Configuring x86_64-softmmu-config-devices.h using configuration
Program scripts/make-config-poison.sh found: YES (/opt/work/kvemu/scripts/make-config-poison.sh)
Pkg-config binary for MachineChoice.HOST is cached.
Determining dependency 'capstone' with pkg-config executable '/usr/bin/pkg-config'
env[PKG_CONFIG_PATH]: 
Called `/usr/bin/pkg-config --modversion capstone` -> 1

Run-time dependency capstone found: NO (tried pkgconfig)
Configuring capstone-defs.h using configuration
Pkg-config binary for MachineChoice.HOST is cached.
Determining dependency 'slirp' with pkg-config executable '/usr/bin/pkg-config'
env[PKG_CONFIG_PATH]: 
Called `/usr/bin/pkg-config --modversion slirp` -> 1

Run-time dependency slirp found: NO (tried pkgconfig)
Configuring libslirp-version.h using configuration
Running compile:
Working directory:  /opt/work/kvemu/build-femu/meson-private/tmplo4qwi06
Command line:  cc -m64 -mcx16 /opt/work/kvemu/build-femu/meson-private/tmplo4qwi06/testfile.c -o /opt/work/kvemu/build-femu/meson-private/tmplo4qwi06/output.exe -D_FILE_OFFSET_BITS=64 -O0 -Wl,--start-group -lfdt -Wl,--end-group -Wl,--allow-shlib-undefined 

Code:
 int main(void) { return 0; }

Compiler stdout:
 
Compiler stderr:
 
Library fdt found: YES
Running compile:
Working directory:  /opt/work/kvemu/build-femu/meson-private/tmpf0ejt_n3
Command line:  cc -m64 -mcx16 /opt/work/kvemu/build-femu/meson-private/tmpf0ejt_n3/testfile.c -o /opt/work/kvemu/build-femu/meson-private/tmpf0ejt_n3/output.exe -D_FILE_OFFSET_BITS=64 -O0 -std=gnu11 -Wl,--start-group -lfdt -Wl,--end-group 

Code:
 
       #include <libfdt.h>
       #include <libfdt_env.h>
       int main(void) { fdt_find_max_phandle(NULL, NULL); return 0; }
Compiler stdout:
 
Compiler stderr:
 
Configuring config-host.h using configuration
Program scripts/hxtool found: YES (/opt/work/kvemu/scripts/hxtool)
Program scripts/shaderinclude.pl found: YES (/opt/work/kvemu/scripts/shaderinclude.pl)
Program scripts/qapi-gen.py found: YES (/opt/work/kvemu/scripts/qapi-gen.py)
Program scripts/qemu-version.sh found: YES (/opt/work/kvemu/scripts/qemu-version.sh)

Executing subproject libvhost-user 

Project name: libvhost-user
Project version: undefined
C compiler for the host machine: cc -m64 -mcx16 (gcc 11.4.0 "cc (Ubuntu 11.4.0-1ubuntu1~22.04) 11.4.0")
C linker for the host machine: cc -m64 -mcx16 ld.bfd 2.38
C compiler for the build machine: cc -m64 -mcx16 (gcc 11.4.0 "cc (Ubuntu 11.4.0-1ubuntu1~22.04) 11.4.0")
C linker for the build machine: cc -m64 -mcx16 ld.bfd 2.38
Dependency threads found: YES unknown (cached)
Dependency glib-2.0 found: YES 2.72.4 (overridden)
Build targets in project: 11
Subproject libvhost-user finished.

Program cat found: YES (/usr/bin/cat)
Program scripts/decodetree.py found: YES (/opt/work/kvemu/scripts/decodetree.py)
Program ../scripts/modules/module_block.py found: YES (/opt/work/kvemu/block/../scripts/modules/module_block.py)
Program ../scripts/block-coroutine-wrapper.py found: YES (/opt/work/kvemu/block/../scripts/block-coroutine-wrapper.py)
Program scripts/modinfo-collect.py found: YES (/opt/work/kvemu/scripts/modinfo-collect.py)
Program scripts/modinfo-generate.py found: YES (/opt/work/kvemu/scripts/modinfo-generate.py)
Program nm found: YES
Program scripts/undefsym.py found: YES (/opt/work/kvemu/scripts/undefsym.py)
Program scripts/feature_to_c.sh found: YES (/opt/work/kvemu/scripts/feature_to_c.sh)
Configuring 50-edk2-i386-secure.json using configuration
Configuring 50-edk2-x86_64-secure.json using configuration
Configuring 60-edk2-aarch64.json using configuration
Configuring 60-edk2-arm.json using configuration
Configuring 60-edk2-i386.json using configuration
Configuring 60-edk2-x86_64.json using configuration
Program qemu-keymap found: NO
Program cp found: YES (/usr/bin/cp)
Program sphinx-build-3 sphinx-build found: NO
Program python3 found: YES (/usr/bin/python3)
Adding benchmark "benchmark-crypto-cipher"
Adding benchmark "benchmark-crypto-hash"
Adding benchmark "benchmark-crypto-hmac"
Adding test "qemu-iotests qcow2"
Adding test "qemu-iotests qed"
Adding test "qemu-iotests raw"
Adding test "qemu-iotests vmdk"
Adding test "qemu-iotests vpc"
Adding test "decodetree"
Adding test "fp-test-float-to-float"
Adding test "fp-test-float-to-int"
Adding test "fp-test-float-to-uint"
Adding test "fp-test-int-to-float"
Adding test "fp-test-round-to-integer"
Adding test "fp-test-uint-to-float"
Adding test "fp-test-add"
Adding test "fp-test-div"
Adding test "fp-test-eq_signaling"
Adding test "fp-test-le"
Adding test "fp-test-le_quiet"
Adding test "fp-test-lt_quiet"
Adding test "fp-test-mul"
Adding test "fp-test-rem"
Adding test "fp-test-sqrt"
Adding test "fp-test-sub"
Adding test "fp-test-mulAdd"
Adding test "fp-test-log2"
Adding test "check-block-qdict"
Adding test "check-qdict"
Adding test "check-qjson"
Adding test "check-qlist"
Adding test "check-qlit"
Adding test "check-qnull"
Adding test "check-qnum"
Adding test "check-qobject"
Adding test "check-qom-interface"
Adding test "check-qom-proplist"
Adding test "check-qstring"
Adding test "ptimer-test"
Adding test "rcutorture"
Adding test "test-aio"
Adding test "test-aio-multithread"
Adding test "test-authz-list"
Adding test "test-authz-listfile"
Adding test "test-authz-simple"
Adding test "test-base64"
Adding test "test-bdrv-drain"
Adding test "test-bdrv-graph-mod"
Adding test "test-bitcnt"
Adding test "test-bitmap"
Adding test "test-bitops"
Adding test "test-block-backend"
Adding test "test-block-iothread"
Adding test "test-blockjob"
Adding test "test-blockjob-txn"
Adding test "test-bufferiszero"
Adding test "test-char"
Adding test "test-clone-visitor"
Adding test "test-coroutine"
Adding test "test-crypto-afsplit"
Adding test "test-crypto-block"
Adding test "test-crypto-cipher"
Adding test "test-crypto-hash"
Adding test "test-crypto-hmac"
Adding test "test-crypto-ivgen"
Adding test "test-crypto-secret"
Adding test "test-cutils"
Adding test "test-div128"
Adding test "test-fdmon-epoll"
Adding test "test-forward-visitor"
Adding test "test-hbitmap"
Adding test "test-image-locking"
Adding test "test-int128"
Adding test "test-io-channel-buffer"
Adding test "test-io-channel-command"
Adding test "test-io-channel-file"
Adding test "test-io-channel-socket"
Adding test "test-io-task"
Adding test "test-iov"
Adding test "test-keyval"
Adding test "test-logging"
Adding test "test-mul64"
Adding test "test-opts-visitor"
Adding test "test-qapi-util"
Adding test "test-qdev-global-props"
Adding test "test-qdist"
Adding test "test-qemu-opts"
Adding test "test-qga"
Adding test "test-qgraph"
Adding test "test-qht"
Adding test "test-qmp-cmds"
Adding test "test-qmp-event"
Adding test "test-qobject-input-visitor"
Adding test "test-qobject-output-visitor"
Adding test "test-rcu-list"
Adding test "test-rcu-simpleq"
Adding test "test-rcu-slist"
Adding test "test-rcu-tailq"
Adding test "test-replication"
Adding test "test-shift128"
Adding test "test-smp-parse"
Adding test "test-string-input-visitor"
Adding test "test-string-output-visitor"
Adding test "test-thread-pool"
Adding test "test-throttle"
Adding test "test-timed-average"
Adding test "test-util-filemonitor"
Adding test "test-util-sockets"
Adding test "test-uuid"
Adding test "test-visitor-serialization"
Adding test "test-vmstate"
Adding test "test-write-threshold"
Adding test "test-x86-cpuid"
Adding test "test-xbzrle"
Adding test "test-yank"
Adding test "QAPI schema regression tests"
Program diff found: YES (/usr/bin/diff)
Program dbus-daemon found: YES (/usr/bin/dbus-daemon)
Program /usr/bin/gdbus-codegen found: YES (/usr/bin/gdbus-codegen)
Adding test "qtest-x86_64/pxe-test"
Adding test "qtest-x86_64/test-netfilter"
Adding test "qtest-x86_64/test-filter-mirror"
Adding test "qtest-x86_64/ahci-test"
Adding test "qtest-x86_64/endianness-test"
Adding test "qtest-x86_64/boot-serial-test"
Adding test "qtest-x86_64/ipmi-kcs-test"
Adding test "qtest-x86_64/ipmi-bt-test"
Adding test "qtest-x86_64/wdt_ib700-test"
Adding test "qtest-x86_64/pvpanic-test"
Adding test "qtest-x86_64/pvpanic-pci-test"
Adding test "qtest-x86_64/intel-hda-test"
Adding test "qtest-x86_64/i82801b11-test"
Adding test "qtest-x86_64/ioh3420-test"
Adding test "qtest-x86_64/lpc-ich9-test"
Adding test "qtest-x86_64/usb-hcd-uhci-test"
Adding test "qtest-x86_64/usb-hcd-ehci-test"
Adding test "qtest-x86_64/usb-hcd-xhci-test"
Adding test "qtest-x86_64/tpm-crb-test"
Adding test "qtest-x86_64/tpm-crb-swtpm-test"
Adding test "qtest-x86_64/tpm-tis-test"
Adding test "qtest-x86_64/tpm-tis-swtpm-test"
Adding test "qtest-x86_64/rtl8139-test"
Adding test "qtest-x86_64/fuzz-e1000e-test"
Adding test "qtest-x86_64/am53c974-test"
Adding test "qtest-x86_64/erst-test"
Adding test "qtest-x86_64/virtio-net-failover"
Adding test "qtest-x86_64/bios-tables-test"
Adding test "qtest-x86_64/display-vga-test"
Adding test "qtest-x86_64/ivshmem-test"
Adding test "qtest-x86_64/fdc-test"
Adding test "qtest-x86_64/ide-test"
Adding test "qtest-x86_64/hd-geo-test"
Adding test "qtest-x86_64/boot-order-test"
Adding test "qtest-x86_64/rtc-test"
Adding test "qtest-x86_64/i440fx-test"
Adding test "qtest-x86_64/fw_cfg-test"
Adding test "qtest-x86_64/device-plug-test"
Adding test "qtest-x86_64/drive_del-test"
Adding test "qtest-x86_64/tco-test"
Adding test "qtest-x86_64/cpu-plug-test"
Adding test "qtest-x86_64/q35-test"
Adding test "qtest-x86_64/vmgenid-test"
Adding test "qtest-x86_64/migration-test"
Adding test "qtest-x86_64/test-x86-cpuid-compat"
Adding test "qtest-x86_64/numa-test"
Adding test "qtest-x86_64/test-filter-redirector"
Adding test "qtest-x86_64/fuzz-megasas-test"
Adding test "qtest-x86_64/fuzz-lsi53c895a-test"
Adding test "qtest-x86_64/fuzz-virtio-scsi-test"
Adding test "qtest-x86_64/fuzz-sb16-test"
Adding test "qtest-x86_64/fuzz-sdcard-test"
Adding test "qtest-x86_64/cdrom-test"
Adding test "qtest-x86_64/device-introspect-test"
Adding test "qtest-x86_64/machine-none-test"
Adding test "qtest-x86_64/qmp-test"
Adding test "qtest-x86_64/qmp-cmd-test"
Adding test "qtest-x86_64/qom-test"
Adding test "qtest-x86_64/test-hmp"
Adding test "qtest-x86_64/qos-test"
Program initrd-stress.sh found: YES (/opt/work/kvemu/tests/migration/initrd-stress.sh)
Build targets in project: 539

qemu 7.0.0

  Directories
    Install prefix               : /usr/local
    BIOS directory               : share/qemu
    firmware path                : /usr/local/share/qemu-firmware
    binary directory             : bin
    library directory            : lib
    module directory             : lib/qemu
    libexec directory            : libexec
    include directory            : include
    config directory             : /usr/local/etc
    local state directory        : /usr/local/var
    Manual directory             : share/man
    Doc directory                : /usr/local/share/doc
    Build directory              : /opt/work/kvemu/build-femu
    Source path                  : /opt/work/kvemu
    GIT submodules               : ui/keycodemapdb meson tests/fp/berkeley-testfloat-3 tests/fp/berkeley-softfloat-3 dtc capstone slirp

  Host binaries
    git                          : git
    make                         : make
    python                       : /usr/bin/python3 (version: 3.10)
    sphinx-build                 : NO
    gdb                          : /usr/bin/gdb
    iasl                         : NO
    genisoimage                  : 
    smbd                         : /usr/sbin/smbd

  Configurable features
    Documentation                : NO
    system-mode emulation        : YES
    user-mode emulation          : NO
    block layer                  : YES
    Install blobs                : YES
    module support               : NO
    fuzzing support              : NO
    Audio drivers                : oss
    Trace backends               : log
    D-Bus display                : NO
    QOM debugging                : NO
    vhost-kernel support         : YES
    vhost-net support            : YES
    vhost-crypto support         : YES
    vhost-scsi support           : YES
    vhost-vsock support          : YES
    vhost-user support           : YES
    vhost-user-blk server support: YES
    vhost-user-fs support        : YES
    vhost-vdpa support           : YES
    build guest agent            : YES

  Compilation
    host CPU                     : x86_64
    host endianness              : little
    C compiler                   : cc -m64 -mcx16
    Host C compiler              : cc -m64 -mcx16
    C++ compiler                 : c++ -m64 -mcx16
    CFLAGS                       : -O2 -g
    CXXFLAGS                     : -O2 -g
    QEMU_CFLAGS                  : -U_FORTIFY_SOURCE -D_FORTIFY_SOURCE=2 -D_GNU_SOURCE -D_FILE_OFFSET_BITS=64 -D_LARGEFILE_SOURCE -Wstrict-prototypes -Wredundant-decls -Wundef -Wwrite-strings -Wmissing-prototypes -fno-strict-aliasing -fno-common -fwrapv -Wold-style-declaration -Wold-style-definition -Wtype-limits -Wformat-security -Wformat-y2k -Winit-self -Wignored-qualifiers -Wempty-body -Wnested-externs -Wendif-labels -Wexpansion-to-defined -Wimplicit-fallthrough=2 -Wno-missing-include-dirs -Wno-shift-negative-value -Wno-psabi -fstack-protector-strong
    QEMU_CXXFLAGS                : -D__STDC_LIMIT_MACROS -D__STDC_CONSTANT_MACROS -D__STDC_FORMAT_MACROS -U_FORTIFY_SOURCE -D_FORTIFY_SOURCE=2 -D_GNU_SOURCE -D_FILE_OFFSET_BITS=64 -D_LARGEFILE_SOURCE -Wundef -Wwrite-strings -fno-strict-aliasing -fno-common -fwrapv -Wtype-limits -Wformat-security -Wformat-y2k -Winit-self -Wignored-qualifiers -Wempty-body -Wendif-labels -Wexpansion-to-defined -Wimplicit-fallthrough=2 -Wno-missing-include-dirs -Wno-shift-negative-value -Wno-psabi -fstack-protector-strong
    QEMU_OBJCFLAGS               : 
    QEMU_LDFLAGS                 : -Wl,--warn-common -Wl,-z,relro -Wl,-z,now  -fstack-protector-strong
    profiler                     : NO
    link-time optimization (LTO) : NO
    PIE                          : YES
    static build                 : NO
    malloc trim support          : NO
    membarrier                   : NO
    debug stack usage            : NO
    mutex debugging              : NO
    memory allocator             : jemalloc
    avx2 optimization            : YES
    avx512f optimization         : NO
    gprof enabled                : NO
    gcov                         : NO
    thread sanitizer             : NO
    CFI support                  : NO
    strip binaries               : NO
    sparse                       : NO
    mingw32 support              : NO
    x86_64 tests                 : cc

  Targets and accelerators
    KVM support                  : YES
    HAX support                  : NO
    HVF support                  : NO
    WHPX support                 : NO
    NVMM support                 : NO
    Xen support                  : NO
    TCG support                  : YES
    TCG backend                  : native (x86_64)
    TCG plugins                  : YES
    TCG debug enabled            : NO
    target list                  : x86_64-softmmu
    default devices              : YES
    out of process emulation     : YES

  Block layer support
    coroutine backend            : ucontext
    coroutine pool               : YES
    Block whitelist (rw)         : 
    Block whitelist (ro)         : 
    Use block whitelist in tools : NO
    VirtFS support               : NO
    build virtiofs daemon        : NO
    Live block migration         : YES
    replication support          : YES
    bochs support                : YES
    cloop support                : YES
    dmg support                  : YES
    qcow v1 support              : YES
    vdi support                  : YES
    vvfat support                : YES
    qed support                  : YES
    parallels support            : YES
    FUSE exports                 : NO

  Crypto
    TLS priority                 : "NORMAL"
    GNUTLS support               : NO
    libgcrypt                    : NO
    nettle                       : NO
    AF_ALG support               : NO
    rng-none                     : NO
    Linux keyring                : YES

  Dependencies
    HIREDIS support              : YES
    SDL support                  : NO
    SDL image support            : NO
    GTK support                  : NO
    pixman                       : [1;32mYES[0m [1;36m0.40.0[0m
    VTE support                  : NO
    slirp support                : internal
    libtasn1                     : NO
    PAM                          : NO
    iconv support                : YES
    curses support               : NO
    virgl support                : NO
    curl support                 : NO
    Multipath support            : NO
    VNC support                  : YES
    VNC SASL support             : NO
    VNC JPEG support             : NO
    VNC PNG support              : NO
    OSS support                  : YES
    ALSA support                 : NO
    PulseAudio support           : NO
    JACK support                 : NO
    brlapi support               : NO
    vde support                  : NO
    netmap support               : NO
    l2tpv3 support               : YES
    Linux AIO support            : YES
    Linux io_uring support       : NO
    ATTR/XATTR support           : YES
    RDMA support                 : NO
    PVRDMA support               : NO
    fdt support                  : system
    libcap-ng support            : NO
    bpf support                  : NO
    spice protocol support       : NO
    rbd support                  : NO
    smartcard support            : NO
    U2F support                  : NO
    libusb                       : NO
    usb net redir                : NO
    OpenGL support               : NO
    GBM                          : NO
    libiscsi support             : NO
    libnfs support               : NO
    seccomp support              : NO
    GlusterFS support            : NO
    TPM support                  : YES
    libssh support               : NO
    lzo support                  : NO
    snappy support               : NO
    bzip2 support                : NO
    lzfse support                : NO
    zstd support                 : NO
    NUMA host support            : YES
    capstone                     : internal
    libpmem support              : NO
    libdaxctl support            : NO
    libudev                      : NO
    FUSE lseek                   : NO
    selinux                      : [1;32mYES[0m [1;36m3.3[0m

  Subprojects
    libvhost-user                : YES

Found ninja-1.10.1 at /usr/bin/ninja
Running compile:
Working directory:  /opt/work/kvemu/build-femu/meson-private/tmp8mcm6hhp
Command line:  cc -m64 -mcx16 /opt/work/kvemu/build-femu/meson-private/tmp8mcm6hhp/testfile.c -o /opt/work/kvemu/build-femu/meson-private/tmp8mcm6hhp/output.obj -c -D_FILE_OFFSET_BITS=64 -O0 --print-search-dirs 

Code:
 
Compiler stdout:
 install: /usr/lib/gcc/x86_64-linux-gnu/11/
programs: =/usr/lib/gcc/x86_64-linux-gnu/11/:/usr/lib/gcc/x86_64-linux-gnu/11/:/usr/lib/gcc/x86_64-linux-gnu/:/usr/lib/gcc/x86_64-linux-gnu/11/:/usr/lib/gcc/x86_64-linux-gnu/:/usr/lib/gcc/x86_64-linux-gnu/11/../../../../x86_64-linux-gnu/bin/x86_64-linux-gnu/11/:/usr/lib/gcc/x86_64-linux-gnu/11/../../../../x86_64-linux-gnu/bin/x86_64-linux-gnu/:/usr/lib/gcc/x86_64-linux-gnu/11/../../../../x86_64-linux-gnu/bin/
libraries: =/usr/lib/gcc/x86_64-linux-gnu/11/:/usr/lib/gcc/x86_64-linux-gnu/11/../../../../x86_64-linux-gnu/lib/x86_64-linux-gnu/11/:/usr/lib/gcc/x86_64-linux-gnu/11/../../../../x86_64-linux-gnu/lib/x86_64-linux-gnu/:/usr/lib/gcc/x86_64-linux-gnu/11/../../../../x86_64-linux-gnu/lib/../lib/:/usr/lib/gcc/x86_64-linux-gnu/11/../../../x86_64-linux-gnu/11/:/usr/lib/gcc/x86_64-linux-gnu/11/../../../x86_64-linux-gnu/:/usr/lib/gcc/x86_64-linux-gnu/11/../../../../lib/:/lib/x86_64-linux-gnu/11/:/lib/x86_64-linux-gnu/:/lib/../lib/:/usr/lib/x86_64-linux-gnu/11/:/usr/lib/x86_64-linux-gnu/:/usr/lib/../lib/:/usr/lib/gcc/x86_64-linux-gnu/11/../../../../x86_64-linux-gnu/lib/:/usr/lib/gcc/x86_64-linux-gnu/11/../../../:/lib/:/usr/lib/

Compiler stderr:
 
Command line for building ['libcommon.fa'] is long, using a response file
